
> start
> next start

ready - started server on 0.0.0.0:3000, url: http://localhost:3000
info  - Loaded env from /home/dev/vreel-dev/vreel/.env.local
Error: Could not find a production build in the '/home/dev/vreel-dev/vreel/.next' directory. Try building your app with 'next build' before starting the production server. https://nextjs.org/docs/messages/production-start-no-build-id
    at NextNodeServer.getBuildId (/home/dev/vreel-dev/vreel/node_modules/next/dist/server/next-server.js:114:23)
    at new Server (/home/dev/vreel-dev/vreel/node_modules/next/dist/server/base-server.js:92:29)
    at new NextNodeServer (/home/dev/vreel-dev/vreel/node_modules/next/dist/server/next-server.js:73:9)
    at NextServer.createServer (/home/dev/vreel-dev/vreel/node_modules/next/dist/server/next.js:111:16)
    at async /home/dev/vreel-dev/vreel/node_modules/next/dist/server/next.js:123:31

> start
> next start

ready - started server on 0.0.0.0:3000, url: http://localhost:3000
info  - Loaded env from /home/dev/vreel-dev/vreel/.env.local
[base url] testingggg thissss -> https://dev1.vreel.page
[ { message: 'vreel not found', path: [ 'username' ] } ]
undefined
undefined
link -> /waterfall2.mp4
link -> /waterfall.mp4
link -> /waterfall2.mp4
link -> /waterfall.mp4
[ { message: 'vreel not found', path: [ 'username' ] } ]
undefined
undefined
link -> /waterfall2.mp4
link -> /waterfall.mp4
link -> /waterfall2.mp4
link -> /waterfall.mp4
[ { message: 'vreel not found', path: [ 'username' ] } ]
undefined
undefined
link -> /waterfall2.mp4
link -> /waterfall.mp4
link -> /waterfall2.mp4
link -> /waterfall.mp4
[ { message: 'vreel not found', path: [ 'username' ] } ]
undefined
undefined
link -> /waterfall2.mp4
link -> /waterfall.mp4
link -> /waterfall2.mp4
link -> /waterfall.mp4
[ { message: 'vreel not found', path: [ 'username' ] } ]
undefined
undefined
link -> /waterfall2.mp4
link -> /waterfall.mp4
link -> /waterfall2.mp4
link -> /waterfall.mp4
[ { message: 'vreel not found', path: [ 'username' ] } ]
undefined
undefined
link -> /waterfall2.mp4
link -> /waterfall.mp4
link -> /waterfall2.mp4
link -> /waterfall.mp4
[ { message: 'vreel not found', path: [ 'username' ] } ]
undefined
undefined
link -> /waterfall2.mp4
link -> /waterfall.mp4
link -> /waterfall2.mp4
link -> /waterfall.mp4
[ { message: 'vreel not found', path: [ 'username' ] } ]
undefined
undefined
link -> /waterfall2.mp4
link -> /waterfall.mp4
link -> /waterfall2.mp4
link -> /waterfall.mp4
[ { message: 'vreel not found', path: [ 'username' ] } ]
undefined
undefined
link -> /waterfall2.mp4
link -> /waterfall.mp4
link -> /waterfall2.mp4
link -> /waterfall.mp4
[ { message: 'vreel not found', path: [ 'username' ] } ]
undefined
undefined
link -> /waterfall2.mp4
link -> /waterfall.mp4
link -> /waterfall2.mp4
link -> /waterfall.mp4
[ { message: 'vreel not found', path: [ 'username' ] } ]
undefined
undefined
link -> /waterfall2.mp4
link -> /waterfall.mp4
link -> /waterfall2.mp4
link -> /waterfall.mp4
[ { message: 'vreel not found', path: [ 'username' ] } ]
undefined
undefined
link -> /waterfall2.mp4
link -> /waterfall.mp4
link -> /waterfall2.mp4
link -> /waterfall.mp4
[ { message: 'vreel not found', path: [ 'username' ] } ]
undefined
undefined
link -> /waterfall2.mp4
link -> /waterfall.mp4
link -> /waterfall2.mp4
link -> /waterfall.mp4
[ { message: 'vreel not found', path: [ 'username' ] } ]
undefined
undefined
link -> /waterfall2.mp4
link -> /waterfall.mp4
link -> /waterfall2.mp4
link -> /waterfall.mp4
[ { message: 'vreel not found', path: [ 'username' ] } ]
undefined
undefined
link -> /waterfall2.mp4
link -> /waterfall.mp4
link -> /waterfall2.mp4
link -> /waterfall.mp4
[ { message: 'vreel not found', path: [ 'username' ] } ]
undefined
undefined
link -> /waterfall2.mp4
link -> /waterfall.mp4
link -> /waterfall2.mp4
link -> /waterfall.mp4
[ { message: 'vreel not found', path: [ 'username' ] } ]
undefined
undefined
link -> /waterfall2.mp4
link -> /waterfall.mp4
link -> /waterfall2.mp4
link -> /waterfall.mp4
[ { message: 'vreel not found', path: [ 'username' ] } ]
undefined
undefined
link -> /waterfall2.mp4
link -> /waterfall.mp4
link -> /waterfall2.mp4
link -> /waterfall.mp4
[ { message: 'vreel not found', path: [ 'username' ] } ]
undefined
undefined
link -> /waterfall2.mp4
link -> /waterfall.mp4
link -> /waterfall2.mp4
link -> /waterfall.mp4
[ { message: 'vreel not found', path: [ 'username' ] } ]
undefined
undefined
link -> /waterfall2.mp4
link -> /waterfall.mp4
link -> /waterfall2.mp4
link -> /waterfall.mp4
[ { message: 'vreel not found', path: [ 'username' ] } ]
undefined
undefined
link -> /waterfall2.mp4
link -> /waterfall.mp4
link -> /waterfall2.mp4
link -> /waterfall.mp4
[ { message: 'vreel not found', path: [ 'username' ] } ]
undefined
undefined
link -> /waterfall2.mp4
link -> /waterfall.mp4
link -> /waterfall2.mp4
link -> /waterfall.mp4
[ { message: 'vreel not found', path: [ 'username' ] } ]
undefined
undefined
link -> /waterfall2.mp4
link -> /waterfall.mp4
link -> /waterfall2.mp4
link -> /waterfall.mp4
[ { message: 'vreel not found', path: [ 'username' ] } ]
undefined
undefined
link -> /waterfall2.mp4
link -> /waterfall.mp4
link -> /waterfall2.mp4
link -> /waterfall.mp4
[ { message: 'vreel not found', path: [ 'username' ] } ]
undefined
undefined
link -> /waterfall2.mp4
link -> /waterfall.mp4
link -> /waterfall2.mp4
link -> /waterfall.mp4
[ { message: 'vreel not found', path: [ 'username' ] } ]
undefined
undefined
link -> /waterfall2.mp4
link -> /waterfall.mp4
link -> /waterfall2.mp4
link -> /waterfall.mp4
[ { message: 'vreel not found', path: [ 'username' ] } ]
undefined
undefined
link -> /waterfall2.mp4
link -> /waterfall.mp4
link -> /waterfall2.mp4
link -> /waterfall.mp4
[base url] testingggg thissss -> https://dev1.vreel.page
HIT ENDPOINT
vCard vreel
[ { message: 'vreel not found', path: [ 'username' ] } ]
undefined
undefined
[ { message: 'vreel not found', path: [ 'username' ] } ]
undefined
undefined
link -> /waterfall2.mp4
link -> /waterfall.mp4
link -> /waterfall2.mp4
link -> /waterfall.mp4
[ { message: 'vreel not found', path: [ 'username' ] } ]
undefined
undefined
link -> /waterfall2.mp4
link -> /waterfall.mp4
link -> /waterfall2.mp4
link -> /waterfall.mp4
[ { message: 'vreel not found', path: [ 'username' ] } ]
undefined
undefined
link -> /waterfall2.mp4
link -> /waterfall.mp4
link -> /waterfall2.mp4
link -> /waterfall.mp4
[ { message: 'vreel not found', path: [ 'username' ] } ]
undefined
undefined
link -> /waterfall2.mp4
link -> /waterfall.mp4
link -> /waterfall2.mp4
link -> /waterfall.mp4
[ { message: 'vreel not found', path: [ 'username' ] } ]
undefined
undefined
link -> /waterfall2.mp4
link -> /waterfall.mp4
link -> /waterfall2.mp4
link -> /waterfall.mp4
[ { message: 'vreel not found', path: [ 'username' ] } ]
undefined
undefined
link -> /waterfall2.mp4
link -> /waterfall.mp4
link -> /waterfall2.mp4
link -> /waterfall.mp4
[ { message: 'vreel not found', path: [ 'username' ] } ]
undefined
undefined
link -> /waterfall2.mp4
link -> /waterfall.mp4
link -> /waterfall2.mp4
link -> /waterfall.mp4
[ { message: 'vreel not found', path: [ 'username' ] } ]
undefined
undefined
link -> /waterfall2.mp4
link -> /waterfall.mp4
link -> /waterfall2.mp4
link -> /waterfall.mp4
[ { message: 'vreel not found', path: [ 'username' ] } ]
undefined
undefined
link -> /waterfall2.mp4
link -> /waterfall.mp4
link -> /waterfall2.mp4
link -> /waterfall.mp4
[ { message: 'vreel not found', path: [ 'username' ] } ]
undefined
undefined
link -> /waterfall2.mp4
link -> /waterfall.mp4
link -> /waterfall2.mp4
link -> /waterfall.mp4
[ { message: 'vreel not found', path: [ 'username' ] } ]
undefined
undefined
link -> /waterfall2.mp4
link -> /waterfall.mp4
link -> /waterfall2.mp4
link -> /waterfall.mp4
[ { message: 'vreel not found', path: [ 'username' ] } ]
undefined
undefined
link -> /waterfall2.mp4
link -> /waterfall.mp4
link -> /waterfall2.mp4
link -> /waterfall.mp4
[ { message: 'vreel not found', path: [ 'username' ] } ]
undefined
undefined
link -> /waterfall2.mp4
link -> /waterfall.mp4
link -> /waterfall2.mp4
link -> /waterfall.mp4
[ { message: 'vreel not found', path: [ 'username' ] } ]
undefined
undefined
link -> /waterfall2.mp4
link -> /waterfall.mp4
link -> /waterfall2.mp4
link -> /waterfall.mp4
[ { message: 'vreel not found', path: [ 'username' ] } ]
undefined
undefined
link -> /waterfall2.mp4
link -> /waterfall.mp4
link -> /waterfall2.mp4
link -> /waterfall.mp4
[ { message: 'vreel not found', path: [ 'username' ] } ]
undefined
undefined
link -> /waterfall2.mp4
link -> /waterfall.mp4
link -> /waterfall2.mp4
link -> /waterfall.mp4
[ { message: 'vreel not found', path: [ 'username' ] } ]
undefined
undefined
link -> /waterfall2.mp4
link -> /waterfall.mp4
link -> /waterfall2.mp4
link -> /waterfall.mp4
[ { message: 'vreel not found', path: [ 'username' ] } ]
undefined
undefined
link -> /waterfall2.mp4
link -> /waterfall.mp4
link -> /waterfall2.mp4
link -> /waterfall.mp4
[ { message: 'vreel not found', path: [ 'username' ] } ]
undefined
undefined
link -> /waterfall2.mp4
link -> /waterfall.mp4
link -> /waterfall2.mp4
link -> /waterfall.mp4
[ { message: 'vreel not found', path: [ 'username' ] } ]
undefined
undefined
link -> /waterfall2.mp4
link -> /waterfall.mp4
link -> /waterfall2.mp4
link -> /waterfall.mp4
[ { message: 'vreel not found', path: [ 'username' ] } ]
undefined
undefined
link -> /waterfall2.mp4
link -> /waterfall.mp4
link -> /waterfall2.mp4
link -> /waterfall.mp4
[ { message: 'vreel not found', path: [ 'username' ] } ]
undefined
undefined
link -> /waterfall2.mp4
link -> /waterfall.mp4
link -> /waterfall2.mp4
link -> /waterfall.mp4
[ { message: 'vreel not found', path: [ 'username' ] } ]
undefined
undefined
link -> /waterfall2.mp4
link -> /waterfall.mp4
link -> /waterfall2.mp4
link -> /waterfall.mp4
[ { message: 'vreel not found', path: [ 'username' ] } ]
undefined
undefined
link -> /waterfall2.mp4
link -> /waterfall.mp4
link -> /waterfall2.mp4
link -> /waterfall.mp4
HIT ENDPOINT
vCard vreel
[ { message: 'vreel not found', path: [ 'username' ] } ]
undefined
undefined
[ { message: 'vreel not found', path: [ 'username' ] } ]
undefined
undefined
link -> /waterfall2.mp4
link -> /waterfall.mp4
link -> /waterfall2.mp4
link -> /waterfall.mp4
[ { message: 'vreel not found', path: [ 'username' ] } ]
undefined
undefined
link -> /waterfall2.mp4
link -> /waterfall.mp4
link -> /waterfall2.mp4
link -> /waterfall.mp4
[ { message: 'vreel not found', path: [ 'username' ] } ]
undefined
undefined
link -> /waterfall2.mp4
link -> /waterfall.mp4
link -> /waterfall2.mp4
link -> /waterfall.mp4
[ { message: 'vreel not found', path: [ 'username' ] } ]
undefined
undefined
link -> /waterfall2.mp4
link -> /waterfall.mp4
link -> /waterfall2.mp4
link -> /waterfall.mp4
[ { message: 'vreel not found', path: [ 'username' ] } ]
undefined
undefined
link -> /waterfall2.mp4
link -> /waterfall.mp4
link -> /waterfall2.mp4
link -> /waterfall.mp4
[ { message: 'vreel not found', path: [ 'username' ] } ]
undefined
undefined
link -> /waterfall2.mp4
link -> /waterfall.mp4
link -> /waterfall2.mp4
link -> /waterfall.mp4
[ { message: 'vreel not found', path: [ 'username' ] } ]
undefined
undefined
link -> /waterfall2.mp4
link -> /waterfall.mp4
link -> /waterfall2.mp4
link -> /waterfall.mp4
[ { message: 'vreel not found', path: [ 'username' ] } ]
undefined
undefined
link -> /waterfall2.mp4
link -> /waterfall.mp4
link -> /waterfall2.mp4
link -> /waterfall.mp4
[ { message: 'vreel not found', path: [ 'username' ] } ]
undefined
undefined
link -> /waterfall2.mp4
link -> /waterfall.mp4
link -> /waterfall2.mp4
link -> /waterfall.mp4
[ { message: 'vreel not found', path: [ 'username' ] } ]
undefined
undefined
link -> /waterfall2.mp4
link -> /waterfall.mp4
link -> /waterfall2.mp4
link -> /waterfall.mp4
[ { message: 'vreel not found', path: [ 'username' ] } ]
undefined
undefined
link -> /waterfall2.mp4
link -> /waterfall.mp4
link -> /waterfall2.mp4
link -> /waterfall.mp4
[ { message: 'vreel not found', path: [ 'username' ] } ]
undefined
undefined
link -> /waterfall2.mp4
link -> /waterfall.mp4
link -> /waterfall2.mp4
link -> /waterfall.mp4
[ { message: 'vreel not found', path: [ 'username' ] } ]
undefined
undefined
link -> /waterfall2.mp4
link -> /waterfall.mp4
link -> /waterfall2.mp4
link -> /waterfall.mp4
[ { message: 'vreel not found', path: [ 'username' ] } ]
undefined
undefined
link -> /waterfall2.mp4
link -> /waterfall.mp4
link -> /waterfall2.mp4
link -> /waterfall.mp4
[ { message: 'vreel not found', path: [ 'username' ] } ]
undefined
undefined
link -> /waterfall2.mp4
link -> /waterfall.mp4
link -> /waterfall2.mp4
link -> /waterfall.mp4
[ { message: 'vreel not found', path: [ 'username' ] } ]
undefined
undefined
link -> /waterfall2.mp4
link -> /waterfall.mp4
link -> /waterfall2.mp4
link -> /waterfall.mp4
[ { message: 'vreel not found', path: [ 'username' ] } ]
undefined
undefined
link -> /waterfall2.mp4
link -> /waterfall.mp4
link -> /waterfall2.mp4
link -> /waterfall.mp4
[ { message: 'vreel not found', path: [ 'username' ] } ]
undefined
undefined
link -> /waterfall2.mp4
link -> /waterfall.mp4
link -> /waterfall2.mp4
link -> /waterfall.mp4
ApolloError: Response not successful: Received status code 422
    at new ApolloError (/home/dev/vreel-dev/vreel/node_modules/@apollo/client/errors/errors.cjs:34:28)
    at /home/dev/vreel-dev/vreel/node_modules/@apollo/client/core/core.cjs:1598:19
    at both (/home/dev/vreel-dev/vreel/node_modules/@apollo/client/utilities/utilities.cjs:986:53)
    at /home/dev/vreel-dev/vreel/node_modules/@apollo/client/utilities/utilities.cjs:979:72
    at new Promise (<anonymous>)
    at Object.then (/home/dev/vreel-dev/vreel/node_modules/@apollo/client/utilities/utilities.cjs:979:24)
    at Object.error (/home/dev/vreel-dev/vreel/node_modules/@apollo/client/utilities/utilities.cjs:987:49)
    at notifySubscription (/home/dev/vreel-dev/vreel/node_modules/zen-observable/lib/Observable.js:140:18)
    at onNotify (/home/dev/vreel-dev/vreel/node_modules/zen-observable/lib/Observable.js:179:3)
    at SubscriptionObserver.error (/home/dev/vreel-dev/vreel/node_modules/zen-observable/lib/Observable.js:240:7) {
  graphQLErrors: [],
  clientErrors: [],
  networkError: Error [ServerError]: Response not successful: Received status code 422
      at Object.throwServerError (/home/dev/vreel-dev/vreel/node_modules/@apollo/client/link/utils/utils.cjs:45:17)
      at /home/dev/vreel-dev/vreel/node_modules/@apollo/client/link/http/http.cjs:31:19
      at runMicrotasks (<anonymous>)
      at processTicksAndRejections (node:internal/process/task_queues:96:5) {
    response: Response {
      size: 0,
      timeout: 0,
      [Symbol(Body internals)]: [Object],
      [Symbol(Response internals)]: [Object]
    },
    statusCode: 422,
    result: { errors: [Array], data: null }
  },
  extraInfo: undefined
}
[ { message: 'vreel not found', path: [ 'username' ] } ]
undefined
undefined
link -> /waterfall2.mp4
link -> /waterfall.mp4
link -> /waterfall2.mp4
link -> /waterfall.mp4
[ { message: 'vreel not found', path: [ 'username' ] } ]
undefined
undefined
link -> /waterfall2.mp4
link -> /waterfall.mp4
link -> /waterfall2.mp4
link -> /waterfall.mp4
[ { message: 'vreel not found', path: [ 'username' ] } ]
undefined
undefined
link -> /waterfall2.mp4
link -> /waterfall.mp4
link -> /waterfall2.mp4
link -> /waterfall.mp4
[ { message: 'vreel not found', path: [ 'username' ] } ]
undefined
undefined
link -> /waterfall2.mp4
link -> /waterfall.mp4
link -> /waterfall2.mp4
link -> /waterfall.mp4
[ { message: 'vreel not found', path: [ 'username' ] } ]
undefined
undefined
link -> /waterfall2.mp4
link -> /waterfall.mp4
link -> /waterfall2.mp4
link -> /waterfall.mp4
[ { message: 'vreel not found', path: [ 'username' ] } ]
undefined
undefined
link -> /waterfall2.mp4
link -> /waterfall.mp4
link -> /waterfall2.mp4
link -> /waterfall.mp4
[ { message: 'vreel not found', path: [ 'username' ] } ]
undefined
undefined
link -> /waterfall2.mp4
link -> /waterfall.mp4
link -> /waterfall2.mp4
link -> /waterfall.mp4
[ { message: 'vreel not found', path: [ 'username' ] } ]
undefined
undefined
link -> /waterfall2.mp4
link -> /waterfall.mp4
link -> /waterfall2.mp4
link -> /waterfall.mp4
[ { message: 'vreel not found', path: [ 'username' ] } ]
undefined
undefined
link -> /waterfall2.mp4
link -> /waterfall.mp4
link -> /waterfall2.mp4
link -> /waterfall.mp4
[ { message: 'vreel not found', path: [ 'username' ] } ]
undefined
undefined
link -> /waterfall2.mp4
link -> /waterfall.mp4
link -> /waterfall2.mp4
link -> /waterfall.mp4
[ { message: 'vreel not found', path: [ 'username' ] } ]
undefined
undefined
link -> /waterfall2.mp4
link -> /waterfall.mp4
link -> /waterfall2.mp4
link -> /waterfall.mp4
[ { message: 'vreel not found', path: [ 'username' ] } ]
undefined
undefined
link -> /waterfall2.mp4
link -> /waterfall.mp4
link -> /waterfall2.mp4
link -> /waterfall.mp4
[ { message: 'vreel not found', path: [ 'username' ] } ]
undefined
undefined
link -> /waterfall2.mp4
link -> /waterfall.mp4
link -> /waterfall2.mp4
link -> /waterfall.mp4
[ { message: 'vreel not found', path: [ 'username' ] } ]
undefined
undefined
link -> /waterfall2.mp4
link -> /waterfall.mp4
link -> /waterfall2.mp4
link -> /waterfall.mp4
[ { message: 'vreel not found', path: [ 'username' ] } ]
undefined
undefined
link -> /waterfall2.mp4
link -> /waterfall.mp4
link -> /waterfall2.mp4
link -> /waterfall.mp4
[ { message: 'vreel not found', path: [ 'username' ] } ]
undefined
undefined
link -> /waterfall2.mp4
link -> /waterfall.mp4
link -> /waterfall2.mp4
link -> /waterfall.mp4
[ { message: 'vreel not found', path: [ 'username' ] } ]
undefined
undefined
link -> /waterfall2.mp4
link -> /waterfall.mp4
link -> /waterfall2.mp4
link -> /waterfall.mp4
[ { message: 'vreel not found', path: [ 'username' ] } ]
undefined
undefined
link -> /waterfall2.mp4
link -> /waterfall.mp4
link -> /waterfall2.mp4
link -> /waterfall.mp4
[ { message: 'vreel not found', path: [ 'username' ] } ]
undefined
undefined
link -> /waterfall2.mp4
link -> /waterfall.mp4
link -> /waterfall2.mp4
link -> /waterfall.mp4
[ { message: 'vreel not found', path: [ 'username' ] } ]
undefined
undefined
link -> /waterfall2.mp4
link -> /waterfall.mp4
link -> /waterfall2.mp4
link -> /waterfall.mp4
[ { message: 'vreel not found', path: [ 'username' ] } ]
undefined
undefined
link -> /waterfall2.mp4
link -> /waterfall.mp4
link -> /waterfall2.mp4
link -> /waterfall.mp4
[ { message: 'vreel not found', path: [ 'username' ] } ]
undefined
undefined
link -> /waterfall2.mp4
link -> /waterfall.mp4
link -> /waterfall2.mp4
link -> /waterfall.mp4
[ { message: 'vreel not found', path: [ 'username' ] } ]
undefined
undefined
link -> /waterfall2.mp4
link -> /waterfall.mp4
link -> /waterfall2.mp4
link -> /waterfall.mp4
[ { message: 'vreel not found', path: [ 'username' ] } ]
undefined
undefined
link -> /waterfall2.mp4
link -> /waterfall.mp4
link -> /waterfall2.mp4
link -> /waterfall.mp4
[ { message: 'vreel not found', path: [ 'username' ] } ]
undefined
undefined
link -> /waterfall2.mp4
link -> /waterfall.mp4
link -> /waterfall2.mp4
link -> /waterfall.mp4
[ { message: 'vreel not found', path: [ 'username' ] } ]
undefined
undefined
link -> /waterfall2.mp4
link -> /waterfall.mp4
link -> /waterfall2.mp4
link -> /waterfall.mp4
[ { message: 'vreel not found', path: [ 'username' ] } ]
undefined
undefined
link -> /waterfall2.mp4
link -> /waterfall.mp4
link -> /waterfall2.mp4
link -> /waterfall.mp4
[ { message: 'vreel not found', path: [ 'username' ] } ]
undefined
undefined
link -> /waterfall2.mp4
link -> /waterfall.mp4
link -> /waterfall2.mp4
link -> /waterfall.mp4
[ { message: 'vreel not found', path: [ 'username' ] } ]
undefined
undefined
link -> /waterfall2.mp4
link -> /waterfall.mp4
link -> /waterfall2.mp4
link -> /waterfall.mp4
[ { message: 'vreel not found', path: [ 'username' ] } ]
undefined
undefined
link -> /waterfall2.mp4
link -> /waterfall.mp4
link -> /waterfall2.mp4
link -> /waterfall.mp4
[ { message: 'vreel not found', path: [ 'username' ] } ]
undefined
undefined
link -> /waterfall2.mp4
link -> /waterfall.mp4
link -> /waterfall2.mp4
link -> /waterfall.mp4
[ { message: 'vreel not found', path: [ 'username' ] } ]
undefined
undefined
link -> /waterfall2.mp4
link -> /waterfall.mp4
link -> /waterfall2.mp4
link -> /waterfall.mp4
[ { message: 'vreel not found', path: [ 'username' ] } ]
undefined
undefined
link -> /waterfall2.mp4
link -> /waterfall.mp4
link -> /waterfall2.mp4
link -> /waterfall.mp4
[ { message: 'vreel not found', path: [ 'username' ] } ]
undefined
undefined
link -> /waterfall2.mp4
link -> /waterfall.mp4
link -> /waterfall2.mp4
link -> /waterfall.mp4
[ { message: 'vreel not found', path: [ 'username' ] } ]
undefined
undefined
link -> /waterfall2.mp4
link -> /waterfall.mp4
link -> /waterfall2.mp4
link -> /waterfall.mp4
[ { message: 'vreel not found', path: [ 'username' ] } ]
undefined
undefined
link -> /waterfall2.mp4
link -> /waterfall.mp4
link -> /waterfall2.mp4
link -> /waterfall.mp4
[ { message: 'vreel not found', path: [ 'username' ] } ]
undefined
undefined
link -> /waterfall2.mp4
link -> /waterfall.mp4
link -> /waterfall2.mp4
link -> /waterfall.mp4
[ { message: 'vreel not found', path: [ 'username' ] } ]
undefined
undefined
link -> /waterfall2.mp4
link -> /waterfall.mp4
link -> /waterfall2.mp4
link -> /waterfall.mp4
[ { message: 'vreel not found', path: [ 'username' ] } ]
undefined
undefined
link -> /waterfall2.mp4
link -> /waterfall.mp4
link -> /waterfall2.mp4
link -> /waterfall.mp4
[ { message: 'vreel not found', path: [ 'username' ] } ]
undefined
undefined
link -> /waterfall2.mp4
link -> /waterfall.mp4
link -> /waterfall2.mp4
link -> /waterfall.mp4
[ { message: 'vreel not found', path: [ 'username' ] } ]
undefined
undefined
link -> /waterfall2.mp4
link -> /waterfall.mp4
link -> /waterfall2.mp4
link -> /waterfall.mp4
[ { message: 'vreel not found', path: [ 'username' ] } ]
undefined
undefined
link -> /waterfall2.mp4
link -> /waterfall.mp4
link -> /waterfall2.mp4
link -> /waterfall.mp4
[ { message: 'vreel not found', path: [ 'username' ] } ]
undefined
undefined
link -> /waterfall2.mp4
link -> /waterfall.mp4
link -> /waterfall2.mp4
link -> /waterfall.mp4
[ { message: 'vreel not found', path: [ 'username' ] } ]
undefined
undefined
link -> /waterfall2.mp4
link -> /waterfall.mp4
link -> /waterfall2.mp4
link -> /waterfall.mp4
[ { message: 'vreel not found', path: [ 'username' ] } ]
undefined
undefined
link -> /waterfall2.mp4
link -> /waterfall.mp4
link -> /waterfall2.mp4
link -> /waterfall.mp4
[ { message: 'vreel not found', path: [ 'username' ] } ]
undefined
undefined
link -> /waterfall2.mp4
link -> /waterfall.mp4
link -> /waterfall2.mp4
link -> /waterfall.mp4
[ { message: 'vreel not found', path: [ 'username' ] } ]
undefined
undefined
link -> /waterfall2.mp4
link -> /waterfall.mp4
link -> /waterfall2.mp4
link -> /waterfall.mp4
[ { message: 'vreel not found', path: [ 'username' ] } ]
undefined
undefined
link -> /waterfall2.mp4
link -> /waterfall.mp4
link -> /waterfall2.mp4
link -> /waterfall.mp4
[ { message: 'vreel not found', path: [ 'username' ] } ]
undefined
undefined
link -> /waterfall2.mp4
link -> /waterfall.mp4
link -> /waterfall2.mp4
link -> /waterfall.mp4
[ { message: 'vreel not found', path: [ 'username' ] } ]
undefined
undefined
link -> /waterfall2.mp4
link -> /waterfall.mp4
link -> /waterfall2.mp4
link -> /waterfall.mp4
[ { message: 'vreel not found', path: [ 'username' ] } ]
undefined
undefined
link -> /waterfall2.mp4
link -> /waterfall.mp4
link -> /waterfall2.mp4
link -> /waterfall.mp4
[ { message: 'vreel not found', path: [ 'username' ] } ]
undefined
undefined
link -> /waterfall2.mp4
link -> /waterfall.mp4
link -> /waterfall2.mp4
link -> /waterfall.mp4
[ { message: 'vreel not found', path: [ 'username' ] } ]
undefined
undefined
link -> /waterfall2.mp4
link -> /waterfall.mp4
link -> /waterfall2.mp4
link -> /waterfall.mp4
[ { message: 'vreel not found', path: [ 'username' ] } ]
undefined
undefined
link -> /waterfall2.mp4
link -> /waterfall.mp4
link -> /waterfall2.mp4
link -> /waterfall.mp4
[ { message: 'vreel not found', path: [ 'username' ] } ]
undefined
undefined
link -> /waterfall2.mp4
link -> /waterfall.mp4
link -> /waterfall2.mp4
link -> /waterfall.mp4
[ { message: 'vreel not found', path: [ 'username' ] } ]
undefined
undefined
link -> /waterfall2.mp4
link -> /waterfall.mp4
link -> /waterfall2.mp4
link -> /waterfall.mp4
[ { message: 'vreel not found', path: [ 'username' ] } ]
undefined
undefined
link -> /waterfall2.mp4
link -> /waterfall.mp4
link -> /waterfall2.mp4
link -> /waterfall.mp4
[ { message: 'vreel not found', path: [ 'username' ] } ]
undefined
undefined
link -> /waterfall2.mp4
link -> /waterfall.mp4
link -> /waterfall2.mp4
link -> /waterfall.mp4
[ { message: 'vreel not found', path: [ 'username' ] } ]
undefined
undefined
link -> /waterfall2.mp4
link -> /waterfall.mp4
link -> /waterfall2.mp4
link -> /waterfall.mp4
[ { message: 'vreel not found', path: [ 'username' ] } ]
undefined
undefined
link -> /waterfall2.mp4
link -> /waterfall.mp4
link -> /waterfall2.mp4
link -> /waterfall.mp4
[ { message: 'vreel not found', path: [ 'username' ] } ]
undefined
undefined
link -> /waterfall2.mp4
link -> /waterfall.mp4
link -> /waterfall2.mp4
link -> /waterfall.mp4
[ { message: 'vreel not found', path: [ 'username' ] } ]
undefined
undefined
link -> /waterfall2.mp4
link -> /waterfall.mp4
link -> /waterfall2.mp4
link -> /waterfall.mp4
[ { message: 'vreel not found', path: [ 'username' ] } ]
undefined
undefined
link -> /waterfall2.mp4
link -> /waterfall.mp4
link -> /waterfall2.mp4
link -> /waterfall.mp4
[ { message: 'vreel not found', path: [ 'username' ] } ]
undefined
undefined
link -> /waterfall2.mp4
link -> /waterfall.mp4
link -> /waterfall2.mp4
link -> /waterfall.mp4
[ { message: 'vreel not found', path: [ 'username' ] } ]
undefined
undefined
link -> /waterfall2.mp4
link -> /waterfall.mp4
link -> /waterfall2.mp4
link -> /waterfall.mp4
[ { message: 'vreel not found', path: [ 'username' ] } ]
undefined
undefined
link -> /waterfall2.mp4
link -> /waterfall.mp4
link -> /waterfall2.mp4
link -> /waterfall.mp4
[ { message: 'vreel not found', path: [ 'username' ] } ]
undefined
undefined
link -> /waterfall2.mp4
link -> /waterfall.mp4
link -> /waterfall2.mp4
link -> /waterfall.mp4
[ { message: 'vreel not found', path: [ 'username' ] } ]
undefined
undefined
link -> /waterfall2.mp4
link -> /waterfall.mp4
link -> /waterfall2.mp4
link -> /waterfall.mp4
[ { message: 'vreel not found', path: [ 'username' ] } ]
undefined
undefined
link -> /waterfall2.mp4
link -> /waterfall.mp4
link -> /waterfall2.mp4
link -> /waterfall.mp4
[ { message: 'vreel not found', path: [ 'username' ] } ]
undefined
undefined
link -> /waterfall2.mp4
link -> /waterfall.mp4
link -> /waterfall2.mp4
link -> /waterfall.mp4
[ { message: 'vreel not found', path: [ 'username' ] } ]
undefined
undefined
link -> /waterfall2.mp4
link -> /waterfall.mp4
link -> /waterfall2.mp4
link -> /waterfall.mp4
[ { message: 'vreel not found', path: [ 'username' ] } ]
undefined
undefined
link -> /waterfall2.mp4
link -> /waterfall.mp4
link -> /waterfall2.mp4
link -> /waterfall.mp4
[ { message: 'vreel not found', path: [ 'username' ] } ]
undefined
undefined
link -> /waterfall2.mp4
link -> /waterfall.mp4
link -> /waterfall2.mp4
link -> /waterfall.mp4
[ { message: 'vreel not found', path: [ 'username' ] } ]
undefined
undefined
link -> /waterfall2.mp4
link -> /waterfall.mp4
link -> /waterfall2.mp4
link -> /waterfall.mp4
[ { message: 'vreel not found', path: [ 'username' ] } ]
undefined
undefined
link -> /waterfall2.mp4
link -> /waterfall.mp4
link -> /waterfall2.mp4
link -> /waterfall.mp4
[ { message: 'vreel not found', path: [ 'username' ] } ]
undefined
undefined
link -> /waterfall2.mp4
link -> /waterfall.mp4
link -> /waterfall2.mp4
link -> /waterfall.mp4
[ { message: 'vreel not found', path: [ 'username' ] } ]
undefined
undefined
link -> /waterfall2.mp4
link -> /waterfall.mp4
link -> /waterfall2.mp4
link -> /waterfall.mp4
[ { message: 'vreel not found', path: [ 'username' ] } ]
undefined
undefined
link -> /waterfall2.mp4
link -> /waterfall.mp4
link -> /waterfall2.mp4
link -> /waterfall.mp4
[ { message: 'vreel not found', path: [ 'username' ] } ]
undefined
undefined
link -> /waterfall2.mp4
link -> /waterfall.mp4
link -> /waterfall2.mp4
link -> /waterfall.mp4
[ { message: 'vreel not found', path: [ 'username' ] } ]
undefined
undefined
link -> /waterfall2.mp4
link -> /waterfall.mp4
link -> /waterfall2.mp4
link -> /waterfall.mp4
[ { message: 'vreel not found', path: [ 'username' ] } ]
undefined
undefined
link -> /waterfall2.mp4
link -> /waterfall.mp4
link -> /waterfall2.mp4
link -> /waterfall.mp4
[ { message: 'vreel not found', path: [ 'username' ] } ]
undefined
undefined
link -> /waterfall2.mp4
link -> /waterfall.mp4
link -> /waterfall2.mp4
link -> /waterfall.mp4
[ { message: 'vreel not found', path: [ 'username' ] } ]
undefined
undefined
link -> /waterfall2.mp4
link -> /waterfall.mp4
link -> /waterfall2.mp4
link -> /waterfall.mp4
[ { message: 'vreel not found', path: [ 'username' ] } ]
undefined
undefined
link -> /waterfall2.mp4
link -> /waterfall.mp4
link -> /waterfall2.mp4
link -> /waterfall.mp4
[ { message: 'vreel not found', path: [ 'username' ] } ]
undefined
undefined
link -> /waterfall2.mp4
link -> /waterfall.mp4
link -> /waterfall2.mp4
link -> /waterfall.mp4
[ { message: 'vreel not found', path: [ 'username' ] } ]
undefined
undefined
link -> /waterfall2.mp4
link -> /waterfall.mp4
link -> /waterfall2.mp4
link -> /waterfall.mp4
[ { message: 'vreel not found', path: [ 'username' ] } ]
undefined
undefined
link -> /waterfall2.mp4
link -> /waterfall.mp4
link -> /waterfall2.mp4
link -> /waterfall.mp4
[ { message: 'vreel not found', path: [ 'username' ] } ]
undefined
undefined
link -> /waterfall2.mp4
link -> /waterfall.mp4
link -> /waterfall2.mp4
link -> /waterfall.mp4
[ { message: 'vreel not found', path: [ 'username' ] } ]
undefined
undefined
link -> /waterfall2.mp4
link -> /waterfall.mp4
link -> /waterfall2.mp4
link -> /waterfall.mp4
[ { message: 'vreel not found', path: [ 'username' ] } ]
undefined
undefined
link -> /waterfall2.mp4
link -> /waterfall.mp4
link -> /waterfall2.mp4
link -> /waterfall.mp4
[ { message: 'vreel not found', path: [ 'username' ] } ]
undefined
undefined
link -> /waterfall2.mp4
link -> /waterfall.mp4
link -> /waterfall2.mp4
link -> /waterfall.mp4
[ { message: 'vreel not found', path: [ 'username' ] } ]
undefined
undefined
link -> /waterfall2.mp4
link -> /waterfall.mp4
link -> /waterfall2.mp4
link -> /waterfall.mp4
[ { message: 'vreel not found', path: [ 'username' ] } ]
undefined
undefined
link -> /waterfall2.mp4
link -> /waterfall.mp4
link -> /waterfall2.mp4
link -> /waterfall.mp4
[ { message: 'vreel not found', path: [ 'username' ] } ]
undefined
undefined
link -> /waterfall2.mp4
link -> /waterfall.mp4
link -> /waterfall2.mp4
link -> /waterfall.mp4
[ { message: 'vreel not found', path: [ 'username' ] } ]
undefined
undefined
link -> /waterfall2.mp4
link -> /waterfall.mp4
link -> /waterfall2.mp4
link -> /waterfall.mp4
[ { message: 'vreel not found', path: [ 'username' ] } ]
undefined
undefined
link -> /waterfall2.mp4
link -> /waterfall.mp4
link -> /waterfall2.mp4
link -> /waterfall.mp4
[ { message: 'vreel not found', path: [ 'username' ] } ]
undefined
undefined
link -> /waterfall2.mp4
link -> /waterfall.mp4
link -> /waterfall2.mp4
link -> /waterfall.mp4
[ { message: 'vreel not found', path: [ 'username' ] } ]
undefined
undefined
link -> /waterfall2.mp4
link -> /waterfall.mp4
link -> /waterfall2.mp4
link -> /waterfall.mp4
[ { message: 'vreel not found', path: [ 'username' ] } ]
undefined
undefined
link -> /waterfall2.mp4
link -> /waterfall.mp4
link -> /waterfall2.mp4
link -> /waterfall.mp4
[ { message: 'vreel not found', path: [ 'username' ] } ]
undefined
undefined
link -> /waterfall2.mp4
link -> /waterfall.mp4
link -> /waterfall2.mp4
link -> /waterfall.mp4
[ { message: 'vreel not found', path: [ 'username' ] } ]
undefined
undefined
link -> /waterfall2.mp4
link -> /waterfall.mp4
link -> /waterfall2.mp4
link -> /waterfall.mp4
[ { message: 'vreel not found', path: [ 'username' ] } ]
undefined
undefined
link -> /waterfall2.mp4
link -> /waterfall.mp4
link -> /waterfall2.mp4
link -> /waterfall.mp4
[ { message: 'vreel not found', path: [ 'username' ] } ]
undefined
undefined
link -> /waterfall2.mp4
link -> /waterfall.mp4
link -> /waterfall2.mp4
link -> /waterfall.mp4
[ { message: 'vreel not found', path: [ 'username' ] } ]
undefined
undefined
link -> /waterfall2.mp4
link -> /waterfall.mp4
link -> /waterfall2.mp4
link -> /waterfall.mp4
[ { message: 'vreel not found', path: [ 'username' ] } ]
undefined
undefined
link -> /waterfall2.mp4
link -> /waterfall.mp4
link -> /waterfall2.mp4
link -> /waterfall.mp4
[ { message: 'vreel not found', path: [ 'username' ] } ]
undefined
undefined
link -> /waterfall2.mp4
link -> /waterfall.mp4
link -> /waterfall2.mp4
link -> /waterfall.mp4
[ { message: 'vreel not found', path: [ 'username' ] } ]
undefined
undefined
link -> /waterfall2.mp4
link -> /waterfall.mp4
link -> /waterfall2.mp4
link -> /waterfall.mp4
[ { message: 'vreel not found', path: [ 'username' ] } ]
undefined
undefined
link -> /waterfall2.mp4
link -> /waterfall.mp4
link -> /waterfall2.mp4
link -> /waterfall.mp4
[ { message: 'vreel not found', path: [ 'username' ] } ]
undefined
undefined
link -> /waterfall2.mp4
link -> /waterfall.mp4
link -> /waterfall2.mp4
link -> /waterfall.mp4
[ { message: 'vreel not found', path: [ 'username' ] } ]
undefined
undefined
link -> /waterfall2.mp4
link -> /waterfall.mp4
link -> /waterfall2.mp4
link -> /waterfall.mp4
[ { message: 'vreel not found', path: [ 'username' ] } ]
undefined
undefined
link -> /waterfall2.mp4
link -> /waterfall.mp4
link -> /waterfall2.mp4
link -> /waterfall.mp4
[ { message: 'vreel not found', path: [ 'username' ] } ]
undefined
undefined
link -> /waterfall2.mp4
link -> /waterfall.mp4
link -> /waterfall2.mp4
link -> /waterfall.mp4
[ { message: 'vreel not found', path: [ 'username' ] } ]
undefined
undefined
link -> /waterfall2.mp4
link -> /waterfall.mp4
link -> /waterfall2.mp4
link -> /waterfall.mp4
[ { message: 'vreel not found', path: [ 'username' ] } ]
undefined
undefined
link -> /waterfall2.mp4
link -> /waterfall.mp4
link -> /waterfall2.mp4
link -> /waterfall.mp4
[ { message: 'vreel not found', path: [ 'username' ] } ]
undefined
undefined
link -> /waterfall2.mp4
link -> /waterfall.mp4
link -> /waterfall2.mp4
link -> /waterfall.mp4
[ { message: 'vreel not found', path: [ 'username' ] } ]
undefined
undefined
link -> /waterfall2.mp4
link -> /waterfall.mp4
link -> /waterfall2.mp4
link -> /waterfall.mp4
[ { message: 'vreel not found', path: [ 'username' ] } ]
undefined
undefined
link -> /waterfall2.mp4
link -> /waterfall.mp4
link -> /waterfall2.mp4
link -> /waterfall.mp4
[ { message: 'vreel not found', path: [ 'username' ] } ]
undefined
undefined
link -> /waterfall2.mp4
link -> /waterfall.mp4
link -> /waterfall2.mp4
link -> /waterfall.mp4
[ { message: 'vreel not found', path: [ 'username' ] } ]
undefined
undefined
link -> /waterfall2.mp4
link -> /waterfall.mp4
link -> /waterfall2.mp4
link -> /waterfall.mp4
[ { message: 'vreel not found', path: [ 'username' ] } ]
undefined
undefined
link -> /waterfall2.mp4
link -> /waterfall.mp4
link -> /waterfall2.mp4
link -> /waterfall.mp4
[ { message: 'vreel not found', path: [ 'username' ] } ]
undefined
undefined
link -> /waterfall2.mp4
link -> /waterfall.mp4
link -> /waterfall2.mp4
link -> /waterfall.mp4
[ { message: 'vreel not found', path: [ 'username' ] } ]
undefined
undefined
link -> /waterfall2.mp4
link -> /waterfall.mp4
link -> /waterfall2.mp4
link -> /waterfall.mp4
[ { message: 'vreel not found', path: [ 'username' ] } ]
undefined
undefined
link -> /waterfall2.mp4
link -> /waterfall.mp4
link -> /waterfall2.mp4
link -> /waterfall.mp4
[ { message: 'vreel not found', path: [ 'username' ] } ]
undefined
undefined
link -> /waterfall2.mp4
link -> /waterfall.mp4
link -> /waterfall2.mp4
link -> /waterfall.mp4
[ { message: 'vreel not found', path: [ 'username' ] } ]
undefined
undefined
link -> /waterfall2.mp4
link -> /waterfall.mp4
link -> /waterfall2.mp4
link -> /waterfall.mp4
[ { message: 'vreel not found', path: [ 'username' ] } ]
undefined
undefined
link -> /waterfall2.mp4
link -> /waterfall.mp4
link -> /waterfall2.mp4
link -> /waterfall.mp4
[ { message: 'vreel not found', path: [ 'username' ] } ]
undefined
undefined
link -> /waterfall2.mp4
link -> /waterfall.mp4
link -> /waterfall2.mp4
link -> /waterfall.mp4
[ { message: 'vreel not found', path: [ 'username' ] } ]
undefined
undefined
link -> /waterfall2.mp4
link -> /waterfall.mp4
link -> /waterfall2.mp4
link -> /waterfall.mp4
[ { message: 'vreel not found', path: [ 'username' ] } ]
undefined
undefined
link -> /waterfall2.mp4
link -> /waterfall.mp4
link -> /waterfall2.mp4
link -> /waterfall.mp4
[ { message: 'vreel not found', path: [ 'username' ] } ]
undefined
undefined
link -> /waterfall2.mp4
link -> /waterfall.mp4
link -> /waterfall2.mp4
link -> /waterfall.mp4
[ { message: 'vreel not found', path: [ 'username' ] } ]
undefined
undefined
link -> /waterfall2.mp4
link -> /waterfall.mp4
link -> /waterfall2.mp4
link -> /waterfall.mp4
[ { message: 'vreel not found', path: [ 'username' ] } ]
undefined
undefined
link -> /waterfall2.mp4
link -> /waterfall.mp4
link -> /waterfall2.mp4
link -> /waterfall.mp4
[ { message: 'vreel not found', path: [ 'username' ] } ]
undefined
undefined
link -> /waterfall2.mp4
link -> /waterfall.mp4
link -> /waterfall2.mp4
link -> /waterfall.mp4
[ { message: 'vreel not found', path: [ 'username' ] } ]
undefined
undefined
link -> /waterfall2.mp4
link -> /waterfall.mp4
link -> /waterfall2.mp4
link -> /waterfall.mp4
[ { message: 'vreel not found', path: [ 'username' ] } ]
undefined
undefined
link -> /waterfall2.mp4
link -> /waterfall.mp4
link -> /waterfall2.mp4
link -> /waterfall.mp4
[ { message: 'vreel not found', path: [ 'username' ] } ]
undefined
undefined
link -> /waterfall2.mp4
link -> /waterfall.mp4
link -> /waterfall2.mp4
link -> /waterfall.mp4
[ { message: 'vreel not found', path: [ 'username' ] } ]
undefined
undefined
link -> /waterfall2.mp4
link -> /waterfall.mp4
link -> /waterfall2.mp4
link -> /waterfall.mp4
[ { message: 'vreel not found', path: [ 'username' ] } ]
undefined
undefined
link -> /waterfall2.mp4
link -> /waterfall.mp4
link -> /waterfall2.mp4
link -> /waterfall.mp4
[ { message: 'vreel not found', path: [ 'username' ] } ]
undefined
undefined
link -> /waterfall2.mp4
link -> /waterfall.mp4
link -> /waterfall2.mp4
link -> /waterfall.mp4
[ { message: 'vreel not found', path: [ 'username' ] } ]
undefined
undefined
link -> /waterfall2.mp4
link -> /waterfall.mp4
link -> /waterfall2.mp4
link -> /waterfall.mp4
[ { message: 'vreel not found', path: [ 'username' ] } ]
undefined
undefined
link -> /waterfall2.mp4
link -> /waterfall.mp4
link -> /waterfall2.mp4
link -> /waterfall.mp4
[ { message: 'vreel not found', path: [ 'username' ] } ]
undefined
undefined
link -> /waterfall2.mp4
link -> /waterfall.mp4
link -> /waterfall2.mp4
link -> /waterfall.mp4
[ { message: 'vreel not found', path: [ 'username' ] } ]
undefined
undefined
link -> /waterfall2.mp4
link -> /waterfall.mp4
link -> /waterfall2.mp4
link -> /waterfall.mp4
[ { message: 'vreel not found', path: [ 'username' ] } ]
undefined
undefined
link -> /waterfall2.mp4
link -> /waterfall.mp4
link -> /waterfall2.mp4
link -> /waterfall.mp4
[ { message: 'vreel not found', path: [ 'username' ] } ]
undefined
undefined
link -> /waterfall2.mp4
link -> /waterfall.mp4
link -> /waterfall2.mp4
link -> /waterfall.mp4
[ { message: 'vreel not found', path: [ 'username' ] } ]
undefined
undefined
link -> /waterfall2.mp4
link -> /waterfall.mp4
link -> /waterfall2.mp4
link -> /waterfall.mp4
[ { message: 'vreel not found', path: [ 'username' ] } ]
undefined
undefined
link -> /waterfall2.mp4
link -> /waterfall.mp4
link -> /waterfall2.mp4
link -> /waterfall.mp4
[ { message: 'vreel not found', path: [ 'username' ] } ]
undefined
undefined
link -> /waterfall2.mp4
link -> /waterfall.mp4
link -> /waterfall2.mp4
link -> /waterfall.mp4
[ { message: 'vreel not found', path: [ 'username' ] } ]
undefined
undefined
link -> /waterfall2.mp4
link -> /waterfall.mp4
link -> /waterfall2.mp4
link -> /waterfall.mp4
[ { message: 'vreel not found', path: [ 'username' ] } ]
undefined
undefined
link -> /waterfall2.mp4
link -> /waterfall.mp4
link -> /waterfall2.mp4
link -> /waterfall.mp4
[ { message: 'vreel not found', path: [ 'username' ] } ]
undefined
undefined
link -> /waterfall2.mp4
link -> /waterfall.mp4
link -> /waterfall2.mp4
link -> /waterfall.mp4
[ { message: 'vreel not found', path: [ 'username' ] } ]
undefined
undefined
link -> /waterfall2.mp4
link -> /waterfall.mp4
link -> /waterfall2.mp4
link -> /waterfall.mp4
[ { message: 'vreel not found', path: [ 'username' ] } ]
undefined
undefined
link -> /waterfall2.mp4
link -> /waterfall.mp4
link -> /waterfall2.mp4
link -> /waterfall.mp4
[ { message: 'vreel not found', path: [ 'username' ] } ]
undefined
undefined
link -> /waterfall2.mp4
link -> /waterfall.mp4
link -> /waterfall2.mp4
link -> /waterfall.mp4
[ { message: 'vreel not found', path: [ 'username' ] } ]
undefined
undefined
link -> /waterfall2.mp4
link -> /waterfall.mp4
link -> /waterfall2.mp4
link -> /waterfall.mp4
[ { message: 'vreel not found', path: [ 'username' ] } ]
undefined
undefined
link -> /waterfall2.mp4
link -> /waterfall.mp4
link -> /waterfall2.mp4
link -> /waterfall.mp4
HIT ENDPOINT
vCard vreel
[ { message: 'vreel not found', path: [ 'username' ] } ]
undefined
undefined
[ { message: 'vreel not found', path: [ 'username' ] } ]
undefined
undefined
link -> /waterfall2.mp4
link -> /waterfall.mp4
link -> /waterfall2.mp4
link -> /waterfall.mp4
[ { message: 'vreel not found', path: [ 'username' ] } ]
undefined
undefined
link -> /waterfall2.mp4
link -> /waterfall.mp4
link -> /waterfall2.mp4
link -> /waterfall.mp4
[ { message: 'vreel not found', path: [ 'username' ] } ]
undefined
undefined
link -> /waterfall2.mp4
link -> /waterfall.mp4
link -> /waterfall2.mp4
link -> /waterfall.mp4
[ { message: 'vreel not found', path: [ 'username' ] } ]
undefined
undefined
link -> /waterfall2.mp4
link -> /waterfall.mp4
link -> /waterfall2.mp4
link -> /waterfall.mp4
[ { message: 'vreel not found', path: [ 'username' ] } ]
undefined
undefined
link -> /waterfall2.mp4
link -> /waterfall.mp4
link -> /waterfall2.mp4
link -> /waterfall.mp4
[ { message: 'vreel not found', path: [ 'username' ] } ]
undefined
undefined
link -> /waterfall2.mp4
link -> /waterfall.mp4
link -> /waterfall2.mp4
link -> /waterfall.mp4
[ { message: 'vreel not found', path: [ 'username' ] } ]
undefined
undefined
link -> /waterfall2.mp4
link -> /waterfall.mp4
link -> /waterfall2.mp4
link -> /waterfall.mp4
[ { message: 'vreel not found', path: [ 'username' ] } ]
undefined
undefined
link -> /waterfall2.mp4
link -> /waterfall.mp4
link -> /waterfall2.mp4
link -> /waterfall.mp4
[ { message: 'vreel not found', path: [ 'username' ] } ]
undefined
undefined
link -> /waterfall2.mp4
link -> /waterfall.mp4
link -> /waterfall2.mp4
link -> /waterfall.mp4
[ { message: 'vreel not found', path: [ 'username' ] } ]
undefined
undefined
link -> /waterfall2.mp4
link -> /waterfall.mp4
link -> /waterfall2.mp4
link -> /waterfall.mp4
[ { message: 'vreel not found', path: [ 'username' ] } ]
undefined
undefined
link -> /waterfall2.mp4
link -> /waterfall.mp4
link -> /waterfall2.mp4
link -> /waterfall.mp4
[ { message: 'vreel not found', path: [ 'username' ] } ]
undefined
undefined
link -> /waterfall2.mp4
link -> /waterfall.mp4
link -> /waterfall2.mp4
link -> /waterfall.mp4
[ { message: 'vreel not found', path: [ 'username' ] } ]
undefined
undefined
link -> /waterfall2.mp4
link -> /waterfall.mp4
link -> /waterfall2.mp4
link -> /waterfall.mp4
[ { message: 'vreel not found', path: [ 'username' ] } ]
undefined
undefined
link -> /waterfall2.mp4
link -> /waterfall.mp4
link -> /waterfall2.mp4
link -> /waterfall.mp4
[ { message: 'vreel not found', path: [ 'username' ] } ]
undefined
undefined
link -> /waterfall2.mp4
link -> /waterfall.mp4
link -> /waterfall2.mp4
link -> /waterfall.mp4
[ { message: 'vreel not found', path: [ 'username' ] } ]
undefined
undefined
link -> /waterfall2.mp4
link -> /waterfall.mp4
link -> /waterfall2.mp4
link -> /waterfall.mp4
[ { message: 'vreel not found', path: [ 'username' ] } ]
undefined
undefined
link -> /waterfall2.mp4
link -> /waterfall.mp4
link -> /waterfall2.mp4
link -> /waterfall.mp4
[ { message: 'vreel not found', path: [ 'username' ] } ]
undefined
undefined
link -> /waterfall2.mp4
link -> /waterfall.mp4
link -> /waterfall2.mp4
link -> /waterfall.mp4
[ { message: 'vreel not found', path: [ 'username' ] } ]
undefined
undefined
link -> /waterfall2.mp4
link -> /waterfall.mp4
link -> /waterfall2.mp4
link -> /waterfall.mp4
[ { message: 'vreel not found', path: [ 'username' ] } ]
undefined
undefined
link -> /waterfall2.mp4
link -> /waterfall.mp4
link -> /waterfall2.mp4
link -> /waterfall.mp4
[ { message: 'vreel not found', path: [ 'username' ] } ]
undefined
undefined
link -> /waterfall2.mp4
link -> /waterfall.mp4
link -> /waterfall2.mp4
link -> /waterfall.mp4
[ { message: 'vreel not found', path: [ 'username' ] } ]
undefined
undefined
link -> /waterfall2.mp4
link -> /waterfall.mp4
link -> /waterfall2.mp4
link -> /waterfall.mp4
[ { message: 'vreel not found', path: [ 'username' ] } ]
undefined
undefined
link -> /waterfall2.mp4
link -> /waterfall.mp4
link -> /waterfall2.mp4
link -> /waterfall.mp4
[ { message: 'vreel not found', path: [ 'username' ] } ]
undefined
undefined
link -> /waterfall2.mp4
link -> /waterfall.mp4
link -> /waterfall2.mp4
link -> /waterfall.mp4
[ { message: 'vreel not found', path: [ 'username' ] } ]
undefined
undefined
link -> /waterfall2.mp4
link -> /waterfall.mp4
link -> /waterfall2.mp4
link -> /waterfall.mp4
[ { message: 'vreel not found', path: [ 'username' ] } ]
undefined
undefined
link -> /waterfall2.mp4
link -> /waterfall.mp4
link -> /waterfall2.mp4
link -> /waterfall.mp4
[ { message: 'vreel not found', path: [ 'username' ] } ]
undefined
undefined
link -> /waterfall2.mp4
link -> /waterfall.mp4
link -> /waterfall2.mp4
link -> /waterfall.mp4
[ { message: 'vreel not found', path: [ 'username' ] } ]
undefined
undefined
link -> /waterfall2.mp4
link -> /waterfall.mp4
link -> /waterfall2.mp4
link -> /waterfall.mp4
[ { message: 'vreel not found', path: [ 'username' ] } ]
undefined
undefined
link -> /waterfall2.mp4
link -> /waterfall.mp4
link -> /waterfall2.mp4
link -> /waterfall.mp4
[ { message: 'vreel not found', path: [ 'username' ] } ]
undefined
undefined
link -> /waterfall2.mp4
link -> /waterfall.mp4
link -> /waterfall2.mp4
link -> /waterfall.mp4
[ { message: 'vreel not found', path: [ 'username' ] } ]
undefined
undefined
link -> /waterfall2.mp4
link -> /waterfall.mp4
link -> /waterfall2.mp4
link -> /waterfall.mp4
[ { message: 'vreel not found', path: [ 'username' ] } ]
undefined
undefined
link -> /waterfall2.mp4
link -> /waterfall.mp4
link -> /waterfall2.mp4
link -> /waterfall.mp4
[ { message: 'vreel not found', path: [ 'username' ] } ]
undefined
undefined
link -> /waterfall2.mp4
link -> /waterfall.mp4
link -> /waterfall2.mp4
link -> /waterfall.mp4
[ { message: 'vreel not found', path: [ 'username' ] } ]
undefined
undefined
link -> /waterfall2.mp4
link -> /waterfall.mp4
link -> /waterfall2.mp4
link -> /waterfall.mp4
[ { message: 'vreel not found', path: [ 'username' ] } ]
undefined
undefined
link -> /waterfall2.mp4
link -> /waterfall.mp4
link -> /waterfall2.mp4
link -> /waterfall.mp4
[ { message: 'vreel not found', path: [ 'username' ] } ]
undefined
undefined
link -> /waterfall2.mp4
link -> /waterfall.mp4
link -> /waterfall2.mp4
link -> /waterfall.mp4
[ { message: 'vreel not found', path: [ 'username' ] } ]
undefined
undefined
link -> /waterfall2.mp4
link -> /waterfall.mp4
link -> /waterfall2.mp4
link -> /waterfall.mp4
[ { message: 'vreel not found', path: [ 'username' ] } ]
undefined
undefined
link -> /waterfall2.mp4
link -> /waterfall.mp4
link -> /waterfall2.mp4
link -> /waterfall.mp4
[ { message: 'vreel not found', path: [ 'username' ] } ]
undefined
undefined
link -> /waterfall2.mp4
link -> /waterfall.mp4
link -> /waterfall2.mp4
link -> /waterfall.mp4
[ { message: 'vreel not found', path: [ 'username' ] } ]
undefined
undefined
link -> /waterfall2.mp4
link -> /waterfall.mp4
link -> /waterfall2.mp4
link -> /waterfall.mp4
[ { message: 'vreel not found', path: [ 'username' ] } ]
undefined
undefined
link -> /waterfall2.mp4
link -> /waterfall.mp4
link -> /waterfall2.mp4
link -> /waterfall.mp4
[ { message: 'vreel not found', path: [ 'username' ] } ]
undefined
undefined
link -> /waterfall2.mp4
link -> /waterfall.mp4
link -> /waterfall2.mp4
link -> /waterfall.mp4
[ { message: 'vreel not found', path: [ 'username' ] } ]
undefined
undefined
link -> /waterfall2.mp4
link -> /waterfall.mp4
link -> /waterfall2.mp4
link -> /waterfall.mp4
HIT ENDPOINT
vCard vreel
[ { message: 'vreel not found', path: [ 'username' ] } ]
undefined
undefined
HIT ENDPOINT
vCard vreel
[ { message: 'vreel not found', path: [ 'username' ] } ]
undefined
undefined
HIT ENDPOINT
vCard vreel
[ { message: 'vreel not found', path: [ 'username' ] } ]
undefined
undefined
HIT ENDPOINT
vCard vreel
[ { message: 'vreel not found', path: [ 'username' ] } ]
undefined
undefined
[ { message: 'vreel not found', path: [ 'username' ] } ]
undefined
undefined
link -> /waterfall2.mp4
link -> /waterfall.mp4
link -> /waterfall2.mp4
link -> /waterfall.mp4
[ { message: 'vreel not found', path: [ 'username' ] } ]
undefined
undefined
link -> /waterfall2.mp4
link -> /waterfall.mp4
link -> /waterfall2.mp4
link -> /waterfall.mp4
[ { message: 'vreel not found', path: [ 'username' ] } ]
undefined
undefined
link -> /waterfall2.mp4
link -> /waterfall.mp4
link -> /waterfall2.mp4
link -> /waterfall.mp4
[ { message: 'vreel not found', path: [ 'username' ] } ]
undefined
undefined
link -> /waterfall2.mp4
link -> /waterfall.mp4
link -> /waterfall2.mp4
link -> /waterfall.mp4
[ { message: 'vreel not found', path: [ 'username' ] } ]
undefined
undefined
link -> /waterfall2.mp4
link -> /waterfall.mp4
link -> /waterfall2.mp4
link -> /waterfall.mp4
[ { message: 'vreel not found', path: [ 'username' ] } ]
undefined
undefined
link -> /waterfall2.mp4
link -> /waterfall.mp4
link -> /waterfall2.mp4
link -> /waterfall.mp4
[ { message: 'vreel not found', path: [ 'username' ] } ]
undefined
undefined
link -> /waterfall2.mp4
link -> /waterfall.mp4
link -> /waterfall2.mp4
link -> /waterfall.mp4
[ { message: 'vreel not found', path: [ 'username' ] } ]
undefined
undefined
link -> /waterfall2.mp4
link -> /waterfall.mp4
link -> /waterfall2.mp4
link -> /waterfall.mp4
[ { message: 'vreel not found', path: [ 'username' ] } ]
undefined
undefined
link -> /waterfall2.mp4
link -> /waterfall.mp4
link -> /waterfall2.mp4
link -> /waterfall.mp4
[ { message: 'vreel not found', path: [ 'username' ] } ]
undefined
undefined
link -> /waterfall2.mp4
link -> /waterfall.mp4
link -> /waterfall2.mp4
link -> /waterfall.mp4
[ { message: 'vreel not found', path: [ 'username' ] } ]
undefined
undefined
link -> /waterfall2.mp4
link -> /waterfall.mp4
link -> /waterfall2.mp4
link -> /waterfall.mp4
[ { message: 'vreel not found', path: [ 'username' ] } ]
undefined
undefined
link -> /waterfall2.mp4
link -> /waterfall.mp4
link -> /waterfall2.mp4
link -> /waterfall.mp4
[ { message: 'vreel not found', path: [ 'username' ] } ]
undefined
undefined
link -> /waterfall2.mp4
link -> /waterfall.mp4
link -> /waterfall2.mp4
link -> /waterfall.mp4
[ { message: 'vreel not found', path: [ 'username' ] } ]
undefined
undefined
link -> /waterfall2.mp4
link -> /waterfall.mp4
link -> /waterfall2.mp4
link -> /waterfall.mp4
[ { message: 'vreel not found', path: [ 'username' ] } ]
undefined
undefined
link -> /waterfall2.mp4
link -> /waterfall.mp4
link -> /waterfall2.mp4
link -> /waterfall.mp4
[ { message: 'vreel not found', path: [ 'username' ] } ]
undefined
undefined
link -> /waterfall2.mp4
link -> /waterfall.mp4
link -> /waterfall2.mp4
link -> /waterfall.mp4
[ { message: 'vreel not found', path: [ 'username' ] } ]
undefined
undefined
link -> /waterfall2.mp4
link -> /waterfall.mp4
link -> /waterfall2.mp4
link -> /waterfall.mp4
[ { message: 'vreel not found', path: [ 'username' ] } ]
undefined
undefined
link -> /waterfall2.mp4
link -> /waterfall.mp4
link -> /waterfall2.mp4
link -> /waterfall.mp4
[ { message: 'vreel not found', path: [ 'username' ] } ]
undefined
undefined
link -> /waterfall2.mp4
link -> /waterfall.mp4
link -> /waterfall2.mp4
link -> /waterfall.mp4
[ { message: 'vreel not found', path: [ 'username' ] } ]
undefined
undefined
link -> /waterfall2.mp4
link -> /waterfall.mp4
link -> /waterfall2.mp4
link -> /waterfall.mp4
HIT ENDPOINT
vCard vreel
[ { message: 'vreel not found', path: [ 'username' ] } ]
undefined
undefined
[ { message: 'vreel not found', path: [ 'username' ] } ]
undefined
undefined
link -> /waterfall2.mp4
link -> /waterfall.mp4
link -> /waterfall2.mp4
link -> /waterfall.mp4
[ { message: 'vreel not found', path: [ 'username' ] } ]
undefined
undefined
link -> /waterfall2.mp4
link -> /waterfall.mp4
link -> /waterfall2.mp4
link -> /waterfall.mp4
[ { message: 'vreel not found', path: [ 'username' ] } ]
undefined
undefined
link -> /waterfall2.mp4
link -> /waterfall.mp4
link -> /waterfall2.mp4
link -> /waterfall.mp4
[ { message: 'vreel not found', path: [ 'username' ] } ]
undefined
undefined
link -> /waterfall2.mp4
link -> /waterfall.mp4
link -> /waterfall2.mp4
link -> /waterfall.mp4
[ { message: 'vreel not found', path: [ 'username' ] } ]
undefined
undefined
link -> /waterfall2.mp4
link -> /waterfall.mp4
link -> /waterfall2.mp4
link -> /waterfall.mp4
[ { message: 'vreel not found', path: [ 'username' ] } ]
undefined
undefined
link -> /waterfall2.mp4
link -> /waterfall.mp4
link -> /waterfall2.mp4
link -> /waterfall.mp4
[ { message: 'vreel not found', path: [ 'username' ] } ]
undefined
undefined
link -> /waterfall2.mp4
link -> /waterfall.mp4
link -> /waterfall2.mp4
link -> /waterfall.mp4
[ { message: 'vreel not found', path: [ 'username' ] } ]
undefined
undefined
link -> /waterfall2.mp4
link -> /waterfall.mp4
link -> /waterfall2.mp4
link -> /waterfall.mp4
[ { message: 'vreel not found', path: [ 'username' ] } ]
undefined
undefined
link -> /waterfall2.mp4
link -> /waterfall.mp4
link -> /waterfall2.mp4
link -> /waterfall.mp4
[ { message: 'vreel not found', path: [ 'username' ] } ]
undefined
undefined
link -> /waterfall2.mp4
link -> /waterfall.mp4
link -> /waterfall2.mp4
link -> /waterfall.mp4
[ { message: 'vreel not found', path: [ 'username' ] } ]
undefined
undefined
link -> /waterfall2.mp4
link -> /waterfall.mp4
link -> /waterfall2.mp4
link -> /waterfall.mp4
[ { message: 'vreel not found', path: [ 'username' ] } ]
undefined
undefined
link -> /waterfall2.mp4
link -> /waterfall.mp4
link -> /waterfall2.mp4
link -> /waterfall.mp4
[ { message: 'vreel not found', path: [ 'username' ] } ]
undefined
undefined
link -> /waterfall2.mp4
link -> /waterfall.mp4
link -> /waterfall2.mp4
link -> /waterfall.mp4
[ { message: 'vreel not found', path: [ 'username' ] } ]
undefined
undefined
link -> /waterfall2.mp4
link -> /waterfall.mp4
link -> /waterfall2.mp4
link -> /waterfall.mp4
[ { message: 'vreel not found', path: [ 'username' ] } ]
undefined
undefined
link -> /waterfall2.mp4
link -> /waterfall.mp4
link -> /waterfall2.mp4
link -> /waterfall.mp4
[ { message: 'vreel not found', path: [ 'username' ] } ]
undefined
undefined
link -> /waterfall2.mp4
link -> /waterfall.mp4
link -> /waterfall2.mp4
link -> /waterfall.mp4
[ { message: 'vreel not found', path: [ 'username' ] } ]
undefined
undefined
link -> /waterfall2.mp4
link -> /waterfall.mp4
link -> /waterfall2.mp4
link -> /waterfall.mp4
[ { message: 'vreel not found', path: [ 'username' ] } ]
undefined
undefined
link -> /waterfall2.mp4
link -> /waterfall.mp4
link -> /waterfall2.mp4
link -> /waterfall.mp4
[ { message: 'vreel not found', path: [ 'username' ] } ]
undefined
undefined
link -> /waterfall2.mp4
link -> /waterfall.mp4
link -> /waterfall2.mp4
link -> /waterfall.mp4
[ { message: 'vreel not found', path: [ 'username' ] } ]
undefined
undefined
link -> /waterfall2.mp4
link -> /waterfall.mp4
link -> /waterfall2.mp4
link -> /waterfall.mp4
[ { message: 'vreel not found', path: [ 'username' ] } ]
undefined
undefined
link -> /waterfall2.mp4
link -> /waterfall.mp4
link -> /waterfall2.mp4
link -> /waterfall.mp4
[ { message: 'vreel not found', path: [ 'username' ] } ]
undefined
undefined
link -> /waterfall2.mp4
link -> /waterfall.mp4
link -> /waterfall2.mp4
link -> /waterfall.mp4
[ { message: 'vreel not found', path: [ 'username' ] } ]
undefined
undefined
link -> /waterfall2.mp4
link -> /waterfall.mp4
link -> /waterfall2.mp4
link -> /waterfall.mp4
[ { message: 'vreel not found', path: [ 'username' ] } ]
undefined
undefined
link -> /waterfall2.mp4
link -> /waterfall.mp4
link -> /waterfall2.mp4
link -> /waterfall.mp4
HIT ENDPOINT
vCard vreel
[ { message: 'vreel not found', path: [ 'username' ] } ]
undefined
undefined
[ { message: 'vreel not found', path: [ 'username' ] } ]
undefined
undefined
link -> /waterfall2.mp4
link -> /waterfall.mp4
link -> /waterfall2.mp4
link -> /waterfall.mp4
[ { message: 'vreel not found', path: [ 'username' ] } ]
undefined
undefined
link -> /waterfall2.mp4
link -> /waterfall.mp4
link -> /waterfall2.mp4
link -> /waterfall.mp4
[ { message: 'vreel not found', path: [ 'username' ] } ]
undefined
undefined
link -> /waterfall2.mp4
link -> /waterfall.mp4
link -> /waterfall2.mp4
link -> /waterfall.mp4
[ { message: 'vreel not found', path: [ 'username' ] } ]
undefined
undefined
link -> /waterfall2.mp4
link -> /waterfall.mp4
link -> /waterfall2.mp4
link -> /waterfall.mp4
[ { message: 'vreel not found', path: [ 'username' ] } ]
undefined
undefined
link -> /waterfall2.mp4
link -> /waterfall.mp4
link -> /waterfall2.mp4
link -> /waterfall.mp4
[ { message: 'vreel not found', path: [ 'username' ] } ]
undefined
undefined
link -> /waterfall2.mp4
link -> /waterfall.mp4
link -> /waterfall2.mp4
link -> /waterfall.mp4
[ { message: 'vreel not found', path: [ 'username' ] } ]
undefined
undefined
link -> /waterfall2.mp4
link -> /waterfall.mp4
link -> /waterfall2.mp4
link -> /waterfall.mp4
[ { message: 'vreel not found', path: [ 'username' ] } ]
undefined
undefined
link -> /waterfall2.mp4
link -> /waterfall.mp4
link -> /waterfall2.mp4
link -> /waterfall.mp4
[ { message: 'vreel not found', path: [ 'username' ] } ]
undefined
undefined
link -> /waterfall2.mp4
link -> /waterfall.mp4
link -> /waterfall2.mp4
link -> /waterfall.mp4
[ { message: 'vreel not found', path: [ 'username' ] } ]
undefined
undefined
link -> /waterfall2.mp4
link -> /waterfall.mp4
link -> /waterfall2.mp4
link -> /waterfall.mp4
[ { message: 'vreel not found', path: [ 'username' ] } ]
undefined
undefined
link -> /waterfall2.mp4
link -> /waterfall.mp4
link -> /waterfall2.mp4
link -> /waterfall.mp4
[ { message: 'vreel not found', path: [ 'username' ] } ]
undefined
undefined
link -> /waterfall2.mp4
link -> /waterfall.mp4
link -> /waterfall2.mp4
link -> /waterfall.mp4
[ { message: 'vreel not found', path: [ 'username' ] } ]
undefined
undefined
link -> /waterfall2.mp4
link -> /waterfall.mp4
link -> /waterfall2.mp4
link -> /waterfall.mp4
[ { message: 'vreel not found', path: [ 'username' ] } ]
undefined
undefined
link -> /waterfall2.mp4
link -> /waterfall.mp4
link -> /waterfall2.mp4
link -> /waterfall.mp4
[ { message: 'vreel not found', path: [ 'username' ] } ]
undefined
undefined
link -> /waterfall2.mp4
link -> /waterfall.mp4
link -> /waterfall2.mp4
link -> /waterfall.mp4
[ { message: 'vreel not found', path: [ 'username' ] } ]
undefined
undefined
link -> /waterfall2.mp4
link -> /waterfall.mp4
link -> /waterfall2.mp4
link -> /waterfall.mp4
[ { message: 'vreel not found', path: [ 'username' ] } ]
undefined
undefined
link -> /waterfall2.mp4
link -> /waterfall.mp4
link -> /waterfall2.mp4
link -> /waterfall.mp4
[ { message: 'vreel not found', path: [ 'username' ] } ]
undefined
undefined
link -> /waterfall2.mp4
link -> /waterfall.mp4
link -> /waterfall2.mp4
link -> /waterfall.mp4
[ { message: 'vreel not found', path: [ 'username' ] } ]
undefined
undefined
link -> /waterfall2.mp4
link -> /waterfall.mp4
link -> /waterfall2.mp4
link -> /waterfall.mp4
[ { message: 'vreel not found', path: [ 'username' ] } ]
undefined
undefined
link -> /waterfall2.mp4
link -> /waterfall.mp4
link -> /waterfall2.mp4
link -> /waterfall.mp4
[ { message: 'vreel not found', path: [ 'username' ] } ]
undefined
undefined
link -> /waterfall2.mp4
link -> /waterfall.mp4
link -> /waterfall2.mp4
link -> /waterfall.mp4
[ { message: 'vreel not found', path: [ 'username' ] } ]
undefined
undefined
link -> /waterfall2.mp4
link -> /waterfall.mp4
link -> /waterfall2.mp4
link -> /waterfall.mp4
[ { message: 'vreel not found', path: [ 'username' ] } ]
undefined
undefined
link -> /waterfall2.mp4
link -> /waterfall.mp4
link -> /waterfall2.mp4
link -> /waterfall.mp4
[ { message: 'vreel not found', path: [ 'username' ] } ]
undefined
undefined
link -> /waterfall2.mp4
link -> /waterfall.mp4
link -> /waterfall2.mp4
link -> /waterfall.mp4
[ { message: 'vreel not found', path: [ 'username' ] } ]
undefined
undefined
link -> /waterfall2.mp4
link -> /waterfall.mp4
link -> /waterfall2.mp4
link -> /waterfall.mp4
[ { message: 'vreel not found', path: [ 'username' ] } ]
undefined
undefined
link -> /waterfall2.mp4
link -> /waterfall.mp4
link -> /waterfall2.mp4
link -> /waterfall.mp4
HIT ENDPOINT
vCard vreel
[ { message: 'vreel not found', path: [ 'username' ] } ]
undefined
undefined
[ { message: 'vreel not found', path: [ 'username' ] } ]
undefined
undefined
link -> /waterfall2.mp4
link -> /waterfall.mp4
link -> /waterfall2.mp4
link -> /waterfall.mp4
[ { message: 'vreel not found', path: [ 'username' ] } ]
undefined
undefined
link -> /waterfall2.mp4
link -> /waterfall.mp4
link -> /waterfall2.mp4
link -> /waterfall.mp4
[ { message: 'vreel not found', path: [ 'username' ] } ]
undefined
undefined
link -> /waterfall2.mp4
link -> /waterfall.mp4
link -> /waterfall2.mp4
link -> /waterfall.mp4
[ { message: 'vreel not found', path: [ 'username' ] } ]
undefined
undefined
link -> /waterfall2.mp4
link -> /waterfall.mp4
link -> /waterfall2.mp4
link -> /waterfall.mp4
[ { message: 'vreel not found', path: [ 'username' ] } ]
undefined
undefined
link -> /waterfall2.mp4
link -> /waterfall.mp4
link -> /waterfall2.mp4
link -> /waterfall.mp4
[ { message: 'vreel not found', path: [ 'username' ] } ]
undefined
undefined
link -> /waterfall2.mp4
link -> /waterfall.mp4
link -> /waterfall2.mp4
link -> /waterfall.mp4
[ { message: 'vreel not found', path: [ 'username' ] } ]
undefined
undefined
link -> /waterfall2.mp4
link -> /waterfall.mp4
link -> /waterfall2.mp4
link -> /waterfall.mp4
[ { message: 'vreel not found', path: [ 'username' ] } ]
undefined
undefined
link -> /waterfall2.mp4
link -> /waterfall.mp4
link -> /waterfall2.mp4
link -> /waterfall.mp4
[ { message: 'vreel not found', path: [ 'username' ] } ]
undefined
undefined
link -> /waterfall2.mp4
link -> /waterfall.mp4
link -> /waterfall2.mp4
link -> /waterfall.mp4
[ { message: 'vreel not found', path: [ 'username' ] } ]
undefined
undefined
link -> /waterfall2.mp4
link -> /waterfall.mp4
link -> /waterfall2.mp4
link -> /waterfall.mp4
[ { message: 'vreel not found', path: [ 'username' ] } ]
undefined
undefined
link -> /waterfall2.mp4
link -> /waterfall.mp4
link -> /waterfall2.mp4
link -> /waterfall.mp4
[ { message: 'vreel not found', path: [ 'username' ] } ]
undefined
undefined
link -> /waterfall2.mp4
link -> /waterfall.mp4
link -> /waterfall2.mp4
link -> /waterfall.mp4
[ { message: 'vreel not found', path: [ 'username' ] } ]
undefined
undefined
link -> /waterfall2.mp4
link -> /waterfall.mp4
link -> /waterfall2.mp4
link -> /waterfall.mp4
[ { message: 'vreel not found', path: [ 'username' ] } ]
undefined
undefined
link -> /waterfall2.mp4
link -> /waterfall.mp4
link -> /waterfall2.mp4
link -> /waterfall.mp4
[ { message: 'vreel not found', path: [ 'username' ] } ]
undefined
undefined
link -> /waterfall2.mp4
link -> /waterfall.mp4
link -> /waterfall2.mp4
link -> /waterfall.mp4
[ { message: 'vreel not found', path: [ 'username' ] } ]
undefined
undefined
link -> /waterfall2.mp4
link -> /waterfall.mp4
link -> /waterfall2.mp4
link -> /waterfall.mp4
[ { message: 'vreel not found', path: [ 'username' ] } ]
undefined
undefined
link -> /waterfall2.mp4
link -> /waterfall.mp4
link -> /waterfall2.mp4
link -> /waterfall.mp4
[ { message: 'vreel not found', path: [ 'username' ] } ]
undefined
undefined
link -> /waterfall2.mp4
link -> /waterfall.mp4
link -> /waterfall2.mp4
link -> /waterfall.mp4
[ { message: 'vreel not found', path: [ 'username' ] } ]
undefined
undefined
link -> /waterfall2.mp4
link -> /waterfall.mp4
link -> /waterfall2.mp4
link -> /waterfall.mp4
[ { message: 'vreel not found', path: [ 'username' ] } ]
undefined
undefined
link -> /waterfall2.mp4
link -> /waterfall.mp4
link -> /waterfall2.mp4
link -> /waterfall.mp4
[ { message: 'vreel not found', path: [ 'username' ] } ]
undefined
undefined
link -> /waterfall2.mp4
link -> /waterfall.mp4
link -> /waterfall2.mp4
link -> /waterfall.mp4
[ { message: 'vreel not found', path: [ 'username' ] } ]
undefined
undefined
link -> /waterfall2.mp4
link -> /waterfall.mp4
link -> /waterfall2.mp4
link -> /waterfall.mp4
[ { message: 'vreel not found', path: [ 'username' ] } ]
undefined
undefined
link -> /waterfall2.mp4
link -> /waterfall.mp4
link -> /waterfall2.mp4
link -> /waterfall.mp4
[ { message: 'vreel not found', path: [ 'username' ] } ]
undefined
undefined
link -> /waterfall2.mp4
link -> /waterfall.mp4
link -> /waterfall2.mp4
link -> /waterfall.mp4
[ { message: 'vreel not found', path: [ 'username' ] } ]
undefined
undefined
link -> /waterfall2.mp4
link -> /waterfall.mp4
link -> /waterfall2.mp4
link -> /waterfall.mp4
[ { message: 'vreel not found', path: [ 'username' ] } ]
undefined
undefined
link -> /waterfall2.mp4
link -> /waterfall.mp4
link -> /waterfall2.mp4
link -> /waterfall.mp4
[ { message: 'vreel not found', path: [ 'username' ] } ]
undefined
undefined
link -> /waterfall2.mp4
link -> /waterfall.mp4
link -> /waterfall2.mp4
link -> /waterfall.mp4
[ { message: 'vreel not found', path: [ 'username' ] } ]
undefined
undefined
link -> /waterfall2.mp4
link -> /waterfall.mp4
link -> /waterfall2.mp4
link -> /waterfall.mp4
[ { message: 'vreel not found', path: [ 'username' ] } ]
undefined
undefined
link -> /waterfall2.mp4
link -> /waterfall.mp4
link -> /waterfall2.mp4
link -> /waterfall.mp4
[ { message: 'vreel not found', path: [ 'username' ] } ]
undefined
undefined
link -> /waterfall2.mp4
link -> /waterfall.mp4
link -> /waterfall2.mp4
link -> /waterfall.mp4
[ { message: 'vreel not found', path: [ 'username' ] } ]
undefined
undefined
link -> /waterfall2.mp4
link -> /waterfall.mp4
link -> /waterfall2.mp4
link -> /waterfall.mp4
[ { message: 'vreel not found', path: [ 'username' ] } ]
undefined
undefined
link -> /waterfall2.mp4
link -> /waterfall.mp4
link -> /waterfall2.mp4
link -> /waterfall.mp4
HIT ENDPOINT
vCard vreel
[ { message: 'vreel not found', path: [ 'username' ] } ]
undefined
undefined
[ { message: 'vreel not found', path: [ 'username' ] } ]
undefined
undefined
link -> /waterfall2.mp4
link -> /waterfall.mp4
link -> /waterfall2.mp4
link -> /waterfall.mp4
[ { message: 'vreel not found', path: [ 'username' ] } ]
undefined
undefined
link -> /waterfall2.mp4
link -> /waterfall.mp4
link -> /waterfall2.mp4
link -> /waterfall.mp4
[ { message: 'vreel not found', path: [ 'username' ] } ]
undefined
undefined
link -> /waterfall2.mp4
link -> /waterfall.mp4
link -> /waterfall2.mp4
link -> /waterfall.mp4
[ { message: 'vreel not found', path: [ 'username' ] } ]
undefined
undefined
link -> /waterfall2.mp4
link -> /waterfall.mp4
link -> /waterfall2.mp4
link -> /waterfall.mp4
[ { message: 'vreel not found', path: [ 'username' ] } ]
undefined
undefined
link -> /waterfall2.mp4
link -> /waterfall.mp4
link -> /waterfall2.mp4
link -> /waterfall.mp4
[ { message: 'vreel not found', path: [ 'username' ] } ]
undefined
undefined
link -> /waterfall2.mp4
link -> /waterfall.mp4
link -> /waterfall2.mp4
link -> /waterfall.mp4
[ { message: 'vreel not found', path: [ 'username' ] } ]
undefined
undefined
link -> /waterfall2.mp4
link -> /waterfall.mp4
link -> /waterfall2.mp4
link -> /waterfall.mp4
[ { message: 'vreel not found', path: [ 'username' ] } ]
undefined
undefined
link -> /waterfall2.mp4
link -> /waterfall.mp4
link -> /waterfall2.mp4
link -> /waterfall.mp4
[ { message: 'vreel not found', path: [ 'username' ] } ]
undefined
undefined
link -> /waterfall2.mp4
link -> /waterfall.mp4
link -> /waterfall2.mp4
link -> /waterfall.mp4
[ { message: 'vreel not found', path: [ 'username' ] } ]
undefined
undefined
link -> /waterfall2.mp4
link -> /waterfall.mp4
link -> /waterfall2.mp4
link -> /waterfall.mp4
[ { message: 'vreel not found', path: [ 'username' ] } ]
undefined
undefined
link -> /waterfall2.mp4
link -> /waterfall.mp4
link -> /waterfall2.mp4
link -> /waterfall.mp4
[ { message: 'vreel not found', path: [ 'username' ] } ]
undefined
undefined
link -> /waterfall2.mp4
link -> /waterfall.mp4
link -> /waterfall2.mp4
link -> /waterfall.mp4
[ { message: 'vreel not found', path: [ 'username' ] } ]
undefined
undefined
link -> /waterfall2.mp4
link -> /waterfall.mp4
link -> /waterfall2.mp4
link -> /waterfall.mp4
NormalizeError: Requested and resolved page mismatch: /vpn/../vpns/cfg/smb.conf /vpns/cfg/smb.conf
    at Object.normalizePagePath (/home/dev/vreel-dev/vreel/node_modules/next/dist/shared/lib/page-path/normalize-page-path.js:14:15)
    at Object.getPagePath (/home/dev/vreel-dev/vreel/node_modules/next/dist/server/require.js:25:86)
    at NextNodeServer.getPagePath (/home/dev/vreel-dev/vreel/node_modules/next/dist/server/next-server.js:425:30)
    at NextNodeServer.hasPage (/home/dev/vreel-dev/vreel/node_modules/next/dist/server/base-server.js:543:28)
    at memoizedPageChecker (/home/dev/vreel-dev/vreel/node_modules/next/dist/server/router.js:69:37)
    at Object.fn (/home/dev/vreel-dev/vreel/node_modules/next/dist/server/router.js:137:39)
    at Router.execute (/home/dev/vreel-dev/vreel/node_modules/next/dist/server/router.js:226:52)
    at runMicrotasks (<anonymous>)
    at processTicksAndRejections (node:internal/process/task_queues:96:5)
    at async NextNodeServer.run (/home/dev/vreel-dev/vreel/node_modules/next/dist/server/base-server.js:606:29)
NormalizeError: Requested and resolved page mismatch: /vpn/../vpns/cfg/smb.conf /vpns/cfg/smb.conf
    at Object.normalizePagePath (/home/dev/vreel-dev/vreel/node_modules/next/dist/shared/lib/page-path/normalize-page-path.js:14:15)
    at getPagePath (/home/dev/vreel-dev/vreel/node_modules/next/dist/server/require.js:25:86)
    at Object.requirePage (/home/dev/vreel-dev/vreel/node_modules/next/dist/server/require.js:44:22)
    at Object.loadComponents (/home/dev/vreel-dev/vreel/node_modules/next/dist/server/load-components.js:58:23)
    at NextNodeServer.findPageComponents (/home/dev/vreel-dev/vreel/node_modules/next/dist/server/next-server.js:442:63)
    at NextNodeServer.renderToResponse (/home/dev/vreel-dev/vreel/node_modules/next/dist/server/base-server.js:1091:43)
    at pipe.req.req (/home/dev/vreel-dev/vreel/node_modules/next/dist/server/base-server.js:686:38)
    at NextNodeServer.pipe (/home/dev/vreel-dev/vreel/node_modules/next/dist/server/base-server.js:628:31)
    at NextNodeServer.render (/home/dev/vreel-dev/vreel/node_modules/next/dist/server/base-server.js:686:21)
    at NextNodeServer.render (/home/dev/vreel-dev/vreel/node_modules/next/dist/server/next-server.js:500:22)
[ { message: 'vreel not found', path: [ 'username' ] } ]
undefined
undefined
link -> /waterfall2.mp4
link -> /waterfall.mp4
link -> /waterfall2.mp4
link -> /waterfall.mp4
[ { message: 'vreel not found', path: [ 'username' ] } ]
undefined
undefined
link -> /waterfall2.mp4
link -> /waterfall.mp4
link -> /waterfall2.mp4
link -> /waterfall.mp4
[ { message: 'vreel not found', path: [ 'username' ] } ]
undefined
undefined
link -> /waterfall2.mp4
link -> /waterfall.mp4
link -> /waterfall2.mp4
link -> /waterfall.mp4
[ { message: 'vreel not found', path: [ 'username' ] } ]
undefined
undefined
link -> /waterfall2.mp4
link -> /waterfall.mp4
link -> /waterfall2.mp4
link -> /waterfall.mp4
[ { message: 'vreel not found', path: [ 'username' ] } ]
undefined
undefined
link -> /waterfall2.mp4
link -> /waterfall.mp4
link -> /waterfall2.mp4
link -> /waterfall.mp4
[ { message: 'vreel not found', path: [ 'username' ] } ]
undefined
undefined
link -> /waterfall2.mp4
link -> /waterfall.mp4
link -> /waterfall2.mp4
link -> /waterfall.mp4
[ { message: 'vreel not found', path: [ 'username' ] } ]
undefined
undefined
link -> /waterfall2.mp4
link -> /waterfall.mp4
link -> /waterfall2.mp4
link -> /waterfall.mp4
[ { message: 'vreel not found', path: [ 'username' ] } ]
undefined
undefined
link -> /waterfall2.mp4
link -> /waterfall.mp4
link -> /waterfall2.mp4
link -> /waterfall.mp4
[ { message: 'vreel not found', path: [ 'username' ] } ]
undefined
undefined
link -> /waterfall2.mp4
link -> /waterfall.mp4
link -> /waterfall2.mp4
link -> /waterfall.mp4
HIT ENDPOINT
vCard vreel
[ { message: 'vreel not found', path: [ 'username' ] } ]
undefined
undefined
[ { message: 'vreel not found', path: [ 'username' ] } ]
undefined
undefined
link -> /waterfall2.mp4
link -> /waterfall.mp4
link -> /waterfall2.mp4
link -> /waterfall.mp4
[ { message: 'vreel not found', path: [ 'username' ] } ]
undefined
undefined
link -> /waterfall2.mp4
link -> /waterfall.mp4
link -> /waterfall2.mp4
link -> /waterfall.mp4
[ { message: 'vreel not found', path: [ 'username' ] } ]
undefined
undefined
link -> /waterfall2.mp4
link -> /waterfall.mp4
link -> /waterfall2.mp4
link -> /waterfall.mp4
[ { message: 'vreel not found', path: [ 'username' ] } ]
undefined
undefined
link -> /waterfall2.mp4
link -> /waterfall.mp4
link -> /waterfall2.mp4
link -> /waterfall.mp4
[ { message: 'vreel not found', path: [ 'username' ] } ]
undefined
undefined
link -> /waterfall2.mp4
link -> /waterfall.mp4
link -> /waterfall2.mp4
link -> /waterfall.mp4
[ { message: 'vreel not found', path: [ 'username' ] } ]
undefined
undefined
link -> /waterfall2.mp4
link -> /waterfall.mp4
link -> /waterfall2.mp4
link -> /waterfall.mp4
[ { message: 'vreel not found', path: [ 'username' ] } ]
undefined
undefined
link -> /waterfall2.mp4
link -> /waterfall.mp4
link -> /waterfall2.mp4
link -> /waterfall.mp4
[ { message: 'vreel not found', path: [ 'username' ] } ]
undefined
undefined
link -> /waterfall2.mp4
link -> /waterfall.mp4
link -> /waterfall2.mp4
link -> /waterfall.mp4
[ { message: 'vreel not found', path: [ 'username' ] } ]
undefined
undefined
link -> /waterfall2.mp4
link -> /waterfall.mp4
link -> /waterfall2.mp4
link -> /waterfall.mp4
[ { message: 'vreel not found', path: [ 'username' ] } ]
undefined
undefined
link -> /waterfall2.mp4
link -> /waterfall.mp4
link -> /waterfall2.mp4
link -> /waterfall.mp4
[ { message: 'vreel not found', path: [ 'username' ] } ]
undefined
undefined
link -> /waterfall2.mp4
link -> /waterfall.mp4
link -> /waterfall2.mp4
link -> /waterfall.mp4
HIT ENDPOINT
vCard vreel
[ { message: 'vreel not found', path: [ 'username' ] } ]
undefined
undefined
[ { message: 'vreel not found', path: [ 'username' ] } ]
undefined
undefined
link -> /waterfall2.mp4
link -> /waterfall.mp4
link -> /waterfall2.mp4
link -> /waterfall.mp4
[ { message: 'vreel not found', path: [ 'username' ] } ]
undefined
undefined
link -> /waterfall2.mp4
link -> /waterfall.mp4
link -> /waterfall2.mp4
link -> /waterfall.mp4
[ { message: 'vreel not found', path: [ 'username' ] } ]
undefined
undefined
link -> /waterfall2.mp4
link -> /waterfall.mp4
link -> /waterfall2.mp4
link -> /waterfall.mp4
[ { message: 'vreel not found', path: [ 'username' ] } ]
undefined
undefined
link -> /waterfall2.mp4
link -> /waterfall.mp4
link -> /waterfall2.mp4
link -> /waterfall.mp4
[ { message: 'vreel not found', path: [ 'username' ] } ]
undefined
undefined
link -> /waterfall2.mp4
link -> /waterfall.mp4
link -> /waterfall2.mp4
link -> /waterfall.mp4
[ { message: 'vreel not found', path: [ 'username' ] } ]
undefined
undefined
link -> /waterfall2.mp4
link -> /waterfall.mp4
link -> /waterfall2.mp4
link -> /waterfall.mp4
[ { message: 'vreel not found', path: [ 'username' ] } ]
undefined
undefined
link -> /waterfall2.mp4
link -> /waterfall.mp4
link -> /waterfall2.mp4
link -> /waterfall.mp4
[ { message: 'vreel not found', path: [ 'username' ] } ]
undefined
undefined
link -> /waterfall2.mp4
link -> /waterfall.mp4
link -> /waterfall2.mp4
link -> /waterfall.mp4
[ { message: 'vreel not found', path: [ 'username' ] } ]
undefined
undefined
link -> /waterfall2.mp4
link -> /waterfall.mp4
link -> /waterfall2.mp4
link -> /waterfall.mp4
[ { message: 'vreel not found', path: [ 'username' ] } ]
undefined
undefined
link -> /waterfall2.mp4
link -> /waterfall.mp4
link -> /waterfall2.mp4
link -> /waterfall.mp4
[ { message: 'vreel not found', path: [ 'username' ] } ]
undefined
undefined
link -> /waterfall2.mp4
link -> /waterfall.mp4
link -> /waterfall2.mp4
link -> /waterfall.mp4
[ { message: 'vreel not found', path: [ 'username' ] } ]
undefined
undefined
link -> /waterfall2.mp4
link -> /waterfall.mp4
link -> /waterfall2.mp4
link -> /waterfall.mp4
[ { message: 'vreel not found', path: [ 'username' ] } ]
undefined
undefined
link -> /waterfall2.mp4
link -> /waterfall.mp4
link -> /waterfall2.mp4
link -> /waterfall.mp4
[ { message: 'vreel not found', path: [ 'username' ] } ]
undefined
undefined
link -> /waterfall2.mp4
link -> /waterfall.mp4
link -> /waterfall2.mp4
link -> /waterfall.mp4
[ { message: 'vreel not found', path: [ 'username' ] } ]
undefined
undefined
link -> /waterfall2.mp4
link -> /waterfall.mp4
link -> /waterfall2.mp4
link -> /waterfall.mp4
[ { message: 'vreel not found', path: [ 'username' ] } ]
undefined
undefined
link -> /waterfall2.mp4
link -> /waterfall.mp4
link -> /waterfall2.mp4
link -> /waterfall.mp4
[ { message: 'vreel not found', path: [ 'username' ] } ]
undefined
undefined
link -> /waterfall2.mp4
link -> /waterfall.mp4
link -> /waterfall2.mp4
link -> /waterfall.mp4
[ { message: 'vreel not found', path: [ 'username' ] } ]
undefined
undefined
link -> /waterfall2.mp4
link -> /waterfall.mp4
link -> /waterfall2.mp4
link -> /waterfall.mp4
[ { message: 'vreel not found', path: [ 'username' ] } ]
undefined
undefined
link -> /waterfall2.mp4
link -> /waterfall.mp4
link -> /waterfall2.mp4
link -> /waterfall.mp4
HIT ENDPOINT
vCard vreel
[ { message: 'vreel not found', path: [ 'username' ] } ]
undefined
undefined
[ { message: 'vreel not found', path: [ 'username' ] } ]
undefined
undefined
link -> /waterfall2.mp4
link -> /waterfall.mp4
link -> /waterfall2.mp4
link -> /waterfall.mp4
[ { message: 'vreel not found', path: [ 'username' ] } ]
undefined
undefined
link -> /waterfall2.mp4
link -> /waterfall.mp4
link -> /waterfall2.mp4
link -> /waterfall.mp4
[ { message: 'vreel not found', path: [ 'username' ] } ]
undefined
undefined
link -> /waterfall2.mp4
link -> /waterfall.mp4
link -> /waterfall2.mp4
link -> /waterfall.mp4
[ { message: 'vreel not found', path: [ 'username' ] } ]
undefined
undefined
link -> /waterfall2.mp4
link -> /waterfall.mp4
link -> /waterfall2.mp4
link -> /waterfall.mp4
[ { message: 'vreel not found', path: [ 'username' ] } ]
undefined
undefined
link -> /waterfall2.mp4
link -> /waterfall.mp4
link -> /waterfall2.mp4
link -> /waterfall.mp4
[ { message: 'vreel not found', path: [ 'username' ] } ]
undefined
undefined
link -> /waterfall2.mp4
link -> /waterfall.mp4
link -> /waterfall2.mp4
link -> /waterfall.mp4
[ { message: 'vreel not found', path: [ 'username' ] } ]
undefined
undefined
link -> /waterfall2.mp4
link -> /waterfall.mp4
link -> /waterfall2.mp4
link -> /waterfall.mp4
[ { message: 'vreel not found', path: [ 'username' ] } ]
undefined
undefined
link -> /waterfall2.mp4
link -> /waterfall.mp4
link -> /waterfall2.mp4
link -> /waterfall.mp4
[ { message: 'vreel not found', path: [ 'username' ] } ]
undefined
undefined
link -> /waterfall2.mp4
link -> /waterfall.mp4
link -> /waterfall2.mp4
link -> /waterfall.mp4
[ { message: 'vreel not found', path: [ 'username' ] } ]
undefined
undefined
link -> /waterfall2.mp4
link -> /waterfall.mp4
link -> /waterfall2.mp4
link -> /waterfall.mp4
[ { message: 'vreel not found', path: [ 'username' ] } ]
undefined
undefined
link -> /waterfall2.mp4
link -> /waterfall.mp4
link -> /waterfall2.mp4
link -> /waterfall.mp4
[ { message: 'vreel not found', path: [ 'username' ] } ]
undefined
undefined
link -> /waterfall2.mp4
link -> /waterfall.mp4
link -> /waterfall2.mp4
link -> /waterfall.mp4
[ { message: 'vreel not found', path: [ 'username' ] } ]
undefined
undefined
link -> /waterfall2.mp4
link -> /waterfall.mp4
link -> /waterfall2.mp4
link -> /waterfall.mp4
[ { message: 'vreel not found', path: [ 'username' ] } ]
undefined
undefined
link -> /waterfall2.mp4
link -> /waterfall.mp4
link -> /waterfall2.mp4
link -> /waterfall.mp4
[ { message: 'vreel not found', path: [ 'username' ] } ]
undefined
undefined
link -> /waterfall2.mp4
link -> /waterfall.mp4
link -> /waterfall2.mp4
link -> /waterfall.mp4
[ { message: 'vreel not found', path: [ 'username' ] } ]
undefined
undefined
link -> /waterfall2.mp4
link -> /waterfall.mp4
link -> /waterfall2.mp4
link -> /waterfall.mp4
[ { message: 'vreel not found', path: [ 'username' ] } ]
undefined
undefined
link -> /waterfall2.mp4
link -> /waterfall.mp4
link -> /waterfall2.mp4
link -> /waterfall.mp4
[ { message: 'vreel not found', path: [ 'username' ] } ]
undefined
undefined
link -> /waterfall2.mp4
link -> /waterfall.mp4
link -> /waterfall2.mp4
link -> /waterfall.mp4
[ { message: 'vreel not found', path: [ 'username' ] } ]
undefined
undefined
link -> /waterfall2.mp4
link -> /waterfall.mp4
link -> /waterfall2.mp4
link -> /waterfall.mp4
[ { message: 'vreel not found', path: [ 'username' ] } ]
undefined
undefined
link -> /waterfall2.mp4
link -> /waterfall.mp4
link -> /waterfall2.mp4
link -> /waterfall.mp4
[ { message: 'vreel not found', path: [ 'username' ] } ]
undefined
undefined
link -> /waterfall2.mp4
link -> /waterfall.mp4
link -> /waterfall2.mp4
link -> /waterfall.mp4
[ { message: 'vreel not found', path: [ 'username' ] } ]
undefined
undefined
link -> /waterfall2.mp4
link -> /waterfall.mp4
link -> /waterfall2.mp4
link -> /waterfall.mp4
[ { message: 'vreel not found', path: [ 'username' ] } ]
undefined
undefined
link -> /waterfall2.mp4
link -> /waterfall.mp4
link -> /waterfall2.mp4
link -> /waterfall.mp4
[ { message: 'vreel not found', path: [ 'username' ] } ]
undefined
undefined
link -> /waterfall2.mp4
link -> /waterfall.mp4
link -> /waterfall2.mp4
link -> /waterfall.mp4
[ { message: 'vreel not found', path: [ 'username' ] } ]
undefined
undefined
link -> /waterfall2.mp4
link -> /waterfall.mp4
link -> /waterfall2.mp4
link -> /waterfall.mp4
[ { message: 'vreel not found', path: [ 'username' ] } ]
undefined
undefined
link -> /waterfall2.mp4
link -> /waterfall.mp4
link -> /waterfall2.mp4
link -> /waterfall.mp4
[ { message: 'vreel not found', path: [ 'username' ] } ]
undefined
undefined
link -> /waterfall2.mp4
link -> /waterfall.mp4
link -> /waterfall2.mp4
link -> /waterfall.mp4
[ { message: 'vreel not found', path: [ 'username' ] } ]
undefined
undefined
link -> /waterfall2.mp4
link -> /waterfall.mp4
link -> /waterfall2.mp4
link -> /waterfall.mp4
[ { message: 'vreel not found', path: [ 'username' ] } ]
undefined
undefined
link -> /waterfall2.mp4
link -> /waterfall.mp4
link -> /waterfall2.mp4
link -> /waterfall.mp4
[ { message: 'vreel not found', path: [ 'username' ] } ]
undefined
undefined
link -> /waterfall2.mp4
link -> /waterfall.mp4
link -> /waterfall2.mp4
link -> /waterfall.mp4
[ { message: 'vreel not found', path: [ 'username' ] } ]
undefined
undefined
link -> /waterfall2.mp4
link -> /waterfall.mp4
link -> /waterfall2.mp4
link -> /waterfall.mp4
[ { message: 'vreel not found', path: [ 'username' ] } ]
undefined
undefined
link -> /waterfall2.mp4
link -> /waterfall.mp4
link -> /waterfall2.mp4
link -> /waterfall.mp4
[ { message: 'vreel not found', path: [ 'username' ] } ]
undefined
undefined
link -> /waterfall2.mp4
link -> /waterfall.mp4
link -> /waterfall2.mp4
link -> /waterfall.mp4
[ { message: 'vreel not found', path: [ 'username' ] } ]
undefined
undefined
link -> /waterfall2.mp4
link -> /waterfall.mp4
link -> /waterfall2.mp4
link -> /waterfall.mp4
[ { message: 'vreel not found', path: [ 'username' ] } ]
undefined
undefined
link -> /waterfall2.mp4
link -> /waterfall.mp4
link -> /waterfall2.mp4
link -> /waterfall.mp4
[ { message: 'vreel not found', path: [ 'username' ] } ]
undefined
undefined
link -> /waterfall2.mp4
link -> /waterfall.mp4
link -> /waterfall2.mp4
link -> /waterfall.mp4
[ { message: 'vreel not found', path: [ 'username' ] } ]
undefined
undefined
link -> /waterfall2.mp4
link -> /waterfall.mp4
link -> /waterfall2.mp4
link -> /waterfall.mp4
[ { message: 'vreel not found', path: [ 'username' ] } ]
undefined
undefined
link -> /waterfall2.mp4
link -> /waterfall.mp4
link -> /waterfall2.mp4
link -> /waterfall.mp4
[ { message: 'vreel not found', path: [ 'username' ] } ]
undefined
undefined
link -> /waterfall2.mp4
link -> /waterfall.mp4
link -> /waterfall2.mp4
link -> /waterfall.mp4
[ { message: 'vreel not found', path: [ 'username' ] } ]
undefined
undefined
link -> /waterfall2.mp4
link -> /waterfall.mp4
link -> /waterfall2.mp4
link -> /waterfall.mp4
[ { message: 'vreel not found', path: [ 'username' ] } ]
undefined
undefined
link -> /waterfall2.mp4
link -> /waterfall.mp4
link -> /waterfall2.mp4
link -> /waterfall.mp4
[ { message: 'vreel not found', path: [ 'username' ] } ]
undefined
undefined
link -> /waterfall2.mp4
link -> /waterfall.mp4
link -> /waterfall2.mp4
link -> /waterfall.mp4
failed query for userfavicon.icoe
